#
# A fatal error has been detected by the Java Runtime Environment:
#
#  EXCEPTION_ACCESS_VIOLATION (0xc0000005) at pc=0x00007ffadbef2b09, pid=12032, tid=16124
#
# JRE version: Java(TM) SE Runtime Environment (8.0_60-b27) (build 1.8.0_60-b27)
# Java VM: Java HotSpot(TM) 64-Bit Server VM (25.60-b23 mixed mode windows-amd64 compressed oops)
# Problematic frame:
# C  [JOCL_0_2_0-windows-x86_64.dll+0x2b09]
#
# Failed to write core dump. Minidumps are not enabled by default on client versions of Windows
#
# If you would like to submit a bug report, please visit:
#   http://bugreport.java.com/bugreport/crash.jsp
# The crash happened outside the Java Virtual Machine in native code.
# See problematic frame for where to report the bug.
#

---------------  T H R E A D  ---------------

Current thread (0x000000001efd4000):  JavaThread "nREPL-worker-2" daemon [_thread_in_native, id=16124, stack(0x000000002b690000,0x000000002b790000)]

siginfo: ExceptionCode=0xc0000005, reading address 0x000000002b33c2f8

Registers:
RAX=0x000000002b78dbb0, RBX=0x000000002b33c2d0, RCX=0x0000000000000006, RDX=0x00007ffadbf37b90
RSP=0x000000002b78db70, RBP=0x000000002b78dc40, RSI=0x000000002b0e1770, RDI=0x000000001efd41f8
R8 =0x000000002b78d658, R9 =0x000000002b78d650, R10=0xfffffffffffff000, R11=0x000000002b78d900
R12=0x0000000000000000, R13=0x0000000029f2fad8, R14=0x000000002b78dc60, R15=0x000000001efd4000
RIP=0x00007ffadbef2b09, EFLAGS=0x0000000000010202

Top of Stack: (sp=0x000000002b78db70)
0x000000002b78db70:   000000002b33c2d0 00007ffadbf37b90
0x000000002b78db80:   000000002b78d658 000000002b78d650
0x000000002b78db90:   000000001efd41f8 00007ffadbefa974
0x000000002b78dba0:   0000000000000000 00007ffa00000001
0x000000002b78dbb0:   000000000055b620 000000002b0e1770
0x000000002b78dbc0:   000000000000092a 0000000002365e34
0x000000002b78dbd0:   0000000000000138 0000000029f2fad8
0x000000002b78dbe0:   0000000029f30220 0000000000000000
0x000000002b78dbf0:   000000002b78dc08 000000002b78dc50
0x000000002b78dc00:   000000002b78dc00 0000000000000000
0x000000002b78dc10:   000000002b78dc60 0000000022b5cb58
0x000000002b78dc20:   0000000000000000 0000000029f2fad8
0x000000002b78dc30:   0000000000000000 000000002b78dc60
0x000000002b78dc40:   000000002b78dca8 0000000002357730
0x000000002b78dc50:   00000006c5135750 000000000235f976
0x000000002b78dc60:   000000076f1097f0 000000002b78dc68 

Instructions: (pc=0x00007ffadbef2b09)
0x00007ffadbef2ae9:   74 65 48 8d 54 24 40 4c 8b c3 e8 58 01 00 00 48
0x00007ffadbef2af9:   8d 15 91 50 04 00 b9 06 00 00 00 e8 07 49 01 00
0x00007ffadbef2b09:   48 8b 53 28 48 85 d2 74 3e 48 8b 12 48 85 d2 74
0x00007ffadbef2b19:   0c 48 8b 07 48 8b cf ff 90 b0 00 00 00 48 8b 43 


Register to memory mapping:

RAX=0x000000002b78dbb0 is pointing into the stack for thread: 0x000000001efd4000
RBX=0x000000002b33c2d0 is an unknown value
RCX=0x0000000000000006 is an unknown value
RDX=0x00007ffadbf37b90 is an unknown value
RSP=0x000000002b78db70 is pointing into the stack for thread: 0x000000001efd4000
RBP=0x000000002b78dc40 is pointing into the stack for thread: 0x000000001efd4000
RSI=0x000000002b0e1770 is an unknown value
RDI=0x000000001efd41f8 is an unknown value
R8 =0x000000002b78d658 is pointing into the stack for thread: 0x000000001efd4000
R9 =0x000000002b78d650 is pointing into the stack for thread: 0x000000001efd4000
R10=0xfffffffffffff000 is an unknown value
R11=0x000000002b78d900 is pointing into the stack for thread: 0x000000001efd4000
R12=0x0000000000000000 is an unknown value
R13={method} {0x0000000029f2fae0} 'clReleaseContextNative' '(Lorg/jocl/cl_context;)I' in 'org/jocl/CL'
R14=0x000000002b78dc60 is pointing into the stack for thread: 0x000000001efd4000
R15=0x000000001efd4000 is a thread


Stack: [0x000000002b690000,0x000000002b790000],  sp=0x000000002b78db70,  free space=1014k
Native frames: (J=compiled Java code, j=interpreted, Vv=VM code, C=native code)
C  [JOCL_0_2_0-windows-x86_64.dll+0x2b09]
C  [JOCL_0_2_0-windows-x86_64.dll+0xa974]
C  0x0000000002365e34

Java frames: (J=compiled Java code, j=interpreted, Vv=VM code)
j  org.jocl.CL.clReleaseContextNative(Lorg/jocl/cl_context;)I+0
j  org.jocl.CL.clReleaseContext(Lorg/jocl/cl_context;)I+1
j  uncomplicate.clojurecl.core$eval27022$fn__27023.invoke(Ljava/lang/Object;)Ljava/lang/Object;+5
j  uncomplicate.clojurecl.core$eval27001$fn__27002$G__26992__27007.invoke(Ljava/lang/Object;)Ljava/lang/Object;+45
j  uncomplicate.clojurecl.core$release_seq.invoke(Ljava/lang/Object;)Ljava/lang/Object;+86
j  clo.core$eval27647$fn__27648$fn__27649.invoke()Ljava/lang/Object;+519
j  midje.util.thread_safe_var_nesting$with_altered_roots_STAR_.invoke(Ljava/lang/Object;Ljava/lang/Object;)Ljava/lang/Object;+46
j  clo.core$eval27647$fn__27648.invoke()Ljava/lang/Object;+57
J 7530 C2 clojure.lang.AFn.applyToHelper(Lclojure/lang/IFn;Lclojure/lang/ISeq;)Ljava/lang/Object; (3238 bytes) @ 0x0000000003ead3cc [0x0000000003eacac0+0x90c]
J 6183 C2 clojure.lang.AFn.applyTo(Lclojure/lang/ISeq;)Ljava/lang/Object; (12 bytes) @ 0x0000000003048e94 [0x0000000003048e60+0x34]
J 6880 C1 clojure.lang.AFunction$1.doInvoke(Ljava/lang/Object;)Ljava/lang/Object; (12 bytes) @ 0x0000000002aa9c44 [0x0000000002aa9a40+0x204]
J 7321 C1 clojure.lang.RestFn.invoke()Ljava/lang/Object; (36 bytes) @ 0x0000000003c5f98c [0x0000000003c5f7c0+0x1cc]
j  midje.checking.facts$check_one$fn__14199.invoke()Ljava/lang/Object;+7
j  midje.checking.facts$check_one.invoke(Ljava/lang/Object;)Ljava/lang/Object;+600
j  midje.checking.facts$creation_time_check.invoke(Ljava/lang/Object;)Ljava/lang/Object;+39
j  clo.core$eval27647.invoke()Ljava/lang/Object;+229
J 6689 C2 clojure.lang.Compiler.eval(Ljava/lang/Object;Z)Ljava/lang/Object; (393 bytes) @ 0x0000000003bcd350 [0x0000000003bcc840+0xb10]
J 6393 C1 clojure.lang.Compiler.load(Ljava/io/Reader;Ljava/lang/String;Ljava/lang/String;)Ljava/lang/Object; (478 bytes) @ 0x000000000390dac4 [0x0000000003909300+0x47c4]
j  user$eval27629.invoke()Ljava/lang/Object;+65
J 6689 C2 clojure.lang.Compiler.eval(Ljava/lang/Object;Z)Ljava/lang/Object; (393 bytes) @ 0x0000000003bcd350 [0x0000000003bcc840+0xb10]
j  clojure.lang.Compiler.eval(Ljava/lang/Object;)Ljava/lang/Object;+2
j  clojure.core$eval.invoke(Ljava/lang/Object;)Ljava/lang/Object;+3
j  clojure.main$repl$read_eval_print__6625$fn__6628.invoke()Ljava/lang/Object;+11
j  clojure.main$repl$read_eval_print__6625.invoke()Ljava/lang/Object;+196
j  clojure.main$repl$fn__6634.invoke()Ljava/lang/Object;+7
j  clojure.main$repl.doInvoke(Ljava/lang/Object;)Ljava/lang/Object;+585
j  clojure.lang.RestFn.invoke(Ljava/lang/Object;Ljava/lang/Object;Ljava/lang/Object;Ljava/lang/Object;Ljava/lang/Object;Ljava/lang/Object;Ljava/lang/Object;Ljava/lang/Object;Ljava/lang/Object;Ljava/lang/Object;Ljava/lang/Object;Ljava/lang/Object;Ljava/lang/Object;Ljava/lang/Object;)Ljava/lang/Object;+259
j  clojure.tools.nrepl.middleware.interruptible_eval$evaluate$fn__630.invoke()Ljava/lang/Object;+273
J 7530 C2 clojure.lang.AFn.applyToHelper(Lclojure/lang/IFn;Lclojure/lang/ISeq;)Ljava/lang/Object; (3238 bytes) @ 0x0000000003ead3cc [0x0000000003eacac0+0x90c]
J 6183 C2 clojure.lang.AFn.applyTo(Lclojure/lang/ISeq;)Ljava/lang/Object; (12 bytes) @ 0x0000000003048e94 [0x0000000003048e60+0x34]
J 4268 C2 clojure.core$apply.invoke(Ljava/lang/Object;Ljava/lang/Object;)Ljava/lang/Object; (32 bytes) @ 0x00000000028f6d64 [0x00000000028f6c80+0xe4]
J 6988 C1 clojure.core$with_bindings_STAR_.doInvoke(Ljava/lang/Object;Ljava/lang/Object;Ljava/lang/Object;)Ljava/lang/Object; (81 bytes) @ 0x0000000002ac6484 [0x0000000002ac5f80+0x504]
J 5030 C2 clojure.lang.RestFn.invoke(Ljava/lang/Object;Ljava/lang/Object;)Ljava/lang/Object; (119 bytes) @ 0x0000000003162750 [0x0000000003162580+0x1d0]
j  clojure.tools.nrepl.middleware.interruptible_eval$evaluate.invoke(Ljava/lang/Object;Ljava/lang/Object;)Ljava/lang/Object;+616
j  clojure.tools.nrepl.middleware.interruptible_eval$interruptible_eval$fn__672$fn__675.invoke()Ljava/lang/Object;+105
j  clojure.tools.nrepl.middleware.interruptible_eval$run_next$fn__667.invoke()Ljava/lang/Object;+7
j  clojure.lang.AFn.run()V+1
j  java.util.concurrent.ThreadPoolExecutor.runWorker(Ljava/util/concurrent/ThreadPoolExecutor$Worker;)V+95
j  java.util.concurrent.ThreadPoolExecutor$Worker.run()V+5
j  java.lang.Thread.run()V+11
v  ~StubRoutines::call_stub

---------------  P R O C E S S  ---------------

Java Threads: ( => current thread )
=>0x000000001efd4000 JavaThread "nREPL-worker-2" daemon [_thread_in_native, id=16124, stack(0x000000002b690000,0x000000002b790000)]
  0x000000001efd3800 JavaThread "clojure-agent-send-off-pool-9" [_thread_blocked, id=13392, stack(0x000000002b590000,0x000000002b690000)]
  0x000000001dec5000 JavaThread "clojure.core.async.timers/timeout-daemon" daemon [_thread_blocked, id=8968, stack(0x0000000028980000,0x0000000028a80000)]
  0x000000001f958000 JavaThread "clojure-agent-send-off-pool-5" [_thread_in_native, id=10972, stack(0x0000000028480000,0x0000000028580000)]
  0x000000002033d000 JavaThread "clojure-agent-send-off-pool-6" [_thread_in_native, id=2472, stack(0x0000000028380000,0x0000000028480000)]
  0x00000000228c3000 JavaThread "clojure-agent-send-off-pool-4" [_thread_blocked, id=8304, stack(0x0000000028280000,0x0000000028380000)]
  0x000000001f45e000 JavaThread "clojure-agent-send-off-pool-3" [_thread_blocked, id=2336, stack(0x00000000275f0000,0x00000000276f0000)]
  0x000000002698a800 JavaThread "clojure-agent-send-off-pool-2" [_thread_in_native, id=6896, stack(0x0000000025760000,0x0000000025860000)]
  0x000000001f3b5800 JavaThread "Thread-0" daemon [_thread_in_native, id=14712, stack(0x0000000020540000,0x0000000020640000)]
  0x000000001deef800 JavaThread "Service Thread" daemon [_thread_blocked, id=9104, stack(0x000000001e890000,0x000000001e990000)]
  0x000000001dec5800 JavaThread "C1 CompilerThread3" daemon [_thread_blocked, id=13696, stack(0x000000001e790000,0x000000001e890000)]
  0x000000001dec2000 JavaThread "C2 CompilerThread2" daemon [_thread_blocked, id=10016, stack(0x000000001e690000,0x000000001e790000)]
  0x000000001dec3800 JavaThread "C2 CompilerThread1" daemon [_thread_blocked, id=15364, stack(0x000000001e590000,0x000000001e690000)]
  0x000000001debd000 JavaThread "C2 CompilerThread0" daemon [_thread_blocked, id=15908, stack(0x000000001e490000,0x000000001e590000)]
  0x000000001debb800 JavaThread "Attach Listener" daemon [_thread_blocked, id=11152, stack(0x000000001e390000,0x000000001e490000)]
  0x000000001deba800 JavaThread "Signal Dispatcher" daemon [_thread_blocked, id=10740, stack(0x000000001e290000,0x000000001e390000)]
  0x000000000234c000 JavaThread "Finalizer" daemon [_thread_blocked, id=15756, stack(0x000000001dcb0000,0x000000001ddb0000)]
  0x0000000002345000 JavaThread "Reference Handler" daemon [_thread_blocked, id=12904, stack(0x000000001dbb0000,0x000000001dcb0000)]
  0x0000000002253800 JavaThread "main" [_thread_blocked, id=212, stack(0x0000000002150000,0x0000000002250000)]

Other Threads:
  0x000000001bdc9000 VMThread [stack: 0x000000001dab0000,0x000000001dbb0000] [id=1832]
  0x000000001def2000 WatcherThread [stack: 0x000000001ea70000,0x000000001eb70000] [id=248]

VM state:not at safepoint (normal execution)

VM Mutex/Monitor currently owned by a thread: None

Heap:
 PSYoungGen      total 1094656K, used 66173K [0x000000076b380000, 0x00000007b6a80000, 0x00000007c0000000)
  eden space 1063424K, 6% used [0x000000076b380000,0x000000076f41f480,0x00000007ac200000)
  from space 31232K, 0% used [0x00000007ade80000,0x00000007ade80000,0x00000007afd00000)
  to   space 29184K, 0% used [0x00000007ac200000,0x00000007ac200000,0x00000007ade80000)
 ParOldGen       total 368640K, used 69686K [0x00000006c1a00000, 0x00000006d8200000, 0x000000076b380000)
  object space 368640K, 18% used [0x00000006c1a00000,0x00000006c5e0db58,0x00000006d8200000)
 Metaspace       used 67162K, capacity 99273K, committed 99504K, reserved 1120256K
  class space    used 18630K, capacity 29573K, committed 29616K, reserved 1048576K

Card table byte_map: [0x0000000011710000,0x0000000011f10000] byte_map_base: 0x000000000e103000

Marking Bits: (ParMarkBitMap*) 0x000000006351a5b0
 Begin Bits: [0x0000000012c60000, 0x0000000016bf8000)
 End Bits:   [0x0000000016bf8000, 0x000000001ab90000)

Polling page: 0x00000000004f0000

CodeCache: size=245760Kb used=28229Kb max_used=28243Kb free=217530Kb
 bounds [0x0000000002350000, 0x0000000003f10000, 0x0000000011350000]
 total_blobs=5804 nmethods=5366 adapters=349
 compilation: enabled

Compilation events (10 events):
Event: 107.491 Thread 0x000000001dec5800 7615       3       clojure.core$number_QMARK_::invoke (19 bytes)
Event: 107.491 Thread 0x000000001dec5800 nmethod 7615 0x000000000245dd50 code [0x000000000245dec0, 0x000000000245e170]
Event: 107.492 Thread 0x000000001dec5800 7610       3       utilize.seq$first_truthy_fn$fn__8368::<init> (10 bytes)
Event: 107.492 Thread 0x000000001dec5800 nmethod 7610 0x0000000003ee4c10 code [0x0000000003ee4d80, 0x0000000003ee5010]
Event: 107.501 Thread 0x000000001dec5800 7616       3       java.lang.String::getBytes (14 bytes)
Event: 107.501 Thread 0x000000001dec5800 nmethod 7616 0x0000000002730c50 code [0x0000000002730dc0, 0x0000000002730f68]
Event: 107.501 Thread 0x000000001dec5800 7617   !   3       java.lang.StringCoding::encode (64 bytes)
Event: 107.502 Thread 0x000000001dec5800 nmethod 7617 0x0000000003efff10 code [0x0000000003f00180, 0x0000000003f00e28]
Event: 107.565 Thread 0x000000001dec5800 7618       3       clojure.tools.nrepl.bencode$eval67$fn__68::invoke (365 bytes)
Event: 107.567 Thread 0x000000001dec5800 nmethod 7618 0x0000000003f01490 code [0x0000000003f01820, 0x0000000003f03c28]

GC Heap History (10 events):
Event: 11.280 GC heap before
{Heap before GC invocations=16 (full 3):
 PSYoungGen      total 846336K, used 12233K [0x000000076b380000, 0x00000007a8f80000, 0x00000007c0000000)
  eden space 811008K, 0% used [0x000000076b380000,0x000000076b380000,0x000000079cb80000)
  from space 35328K, 34% used [0x000000079cb80000,0x000000079d772528,0x000000079ee00000)
  to   space 33792K, 0% used [0x00000007a6e80000,0x00000007a6e80000,0x00000007a8f80000)
 ParOldGen       total 193024K, used 79955K [0x00000006c1a00000, 0x00000006cd680000, 0x000000076b380000)
  object space 193024K, 41% used [0x00000006c1a00000,0x00000006c6814db8,0x00000006cd680000)
 Metaspace       used 44138K, capacity 59115K, committed 59160K, reserved 1091584K
  class space    used 11137K, capacity 16559K, committed 16560K, reserved 1048576K
Event: 11.492 GC heap after
Heap after GC invocations=16 (full 3):
 PSYoungGen      total 846336K, used 0K [0x000000076b380000, 0x00000007a8f80000, 0x00000007c0000000)
  eden space 811008K, 0% used [0x000000076b380000,0x000000076b380000,0x000000079cb80000)
  from space 35328K, 0% used [0x000000079cb80000,0x000000079cb80000,0x000000079ee00000)
  to   space 33792K, 0% used [0x00000007a6e80000,0x00000007a6e80000,0x00000007a8f80000)
 ParOldGen       total 295424K, used 63510K [0x00000006c1a00000, 0x00000006d3a80000, 0x000000076b380000)
  object space 295424K, 21% used [0x00000006c1a00000,0x00000006c5805ad8,0x00000006d3a80000)
 Metaspace       used 44138K, capacity 59115K, committed 59160K, reserved 1091584K
  class space    used 11137K, capacity 16559K, committed 16560K, reserved 1048576K
}
Event: 15.026 GC heap before
{Heap before GC invocations=17 (full 3):
 PSYoungGen      total 846336K, used 811008K [0x000000076b380000, 0x00000007a8f80000, 0x00000007c0000000)
  eden space 811008K, 100% used [0x000000076b380000,0x000000079cb80000,0x000000079cb80000)
  from space 35328K, 0% used [0x000000079cb80000,0x000000079cb80000,0x000000079ee00000)
  to   space 33792K, 0% used [0x00000007a6e80000,0x00000007a6e80000,0x00000007a8f80000)
 ParOldGen       total 295424K, used 63510K [0x00000006c1a00000, 0x00000006d3a80000, 0x000000076b380000)
  object space 295424K, 21% used [0x00000006c1a00000,0x00000006c5805ad8,0x00000006d3a80000)
 Metaspace       used 56213K, capacity 80365K, committed 80560K, reserved 1105920K
  class space    used 15302K, capacity 23688K, committed 23728K, reserved 1048576K
Event: 15.035 GC heap after
Heap after GC invocations=17 (full 3):
 PSYoungGen      total 964608K, used 8941K [0x000000076b380000, 0x00000007a8800000, 0x00000007c0000000)
  eden space 938496K, 0% used [0x000000076b380000,0x000000076b380000,0x00000007a4800000)
  from space 26112K, 34% used [0x00000007a6e80000,0x00000007a773b6e8,0x00000007a8800000)
  to   space 32768K, 0% used [0x00000007a4800000,0x00000007a4800000,0x00000007a6800000)
 ParOldGen       total 295424K, used 63526K [0x00000006c1a00000, 0x00000006d3a80000, 0x000000076b380000)
  object space 295424K, 21% used [0x00000006c1a00000,0x00000006c5809ad8,0x00000006d3a80000)
 Metaspace       used 56213K, capacity 80365K, committed 80560K, reserved 1105920K
  class space    used 15302K, capacity 23688K, committed 23728K, reserved 1048576K
}
Event: 18.366 GC heap before
{Heap before GC invocations=18 (full 3):
 PSYoungGen      total 964608K, used 947437K [0x000000076b380000, 0x00000007a8800000, 0x00000007c0000000)
  eden space 938496K, 100% used [0x000000076b380000,0x00000007a4800000,0x00000007a4800000)
  from space 26112K, 34% used [0x00000007a6e80000,0x00000007a773b6e8,0x00000007a8800000)
  to   space 32768K, 0% used [0x00000007a4800000,0x00000007a4800000,0x00000007a6800000)
 ParOldGen       total 295424K, used 63526K [0x00000006c1a00000, 0x00000006d3a80000, 0x000000076b380000)
  object space 295424K, 21% used [0x00000006c1a00000,0x00000006c5809ad8,0x00000006d3a80000)
 Metaspace       used 66571K, capacity 98249K, committed 98480K, reserved 1118208K
  class space    used 18491K, capacity 29259K, committed 29360K, reserved 1048576K
Event: 18.378 GC heap after
Heap after GC invocations=18 (full 3):
 PSYoungGen      total 971264K, used 14253K [0x000000076b380000, 0x00000007afd00000, 0x00000007c0000000)
  eden space 938496K, 0% used [0x000000076b380000,0x000000076b380000,0x00000007a4800000)
  from space 32768K, 43% used [0x00000007a4800000,0x00000007a55eb4b0,0x00000007a6800000)
  to   space 31232K, 0% used [0x00000007ade80000,0x00000007ade80000,0x00000007afd00000)
 ParOldGen       total 295424K, used 63534K [0x00000006c1a00000, 0x00000006d3a80000, 0x000000076b380000)
  object space 295424K, 21% used [0x00000006c1a00000,0x00000006c580bad8,0x00000006d3a80000)
 Metaspace       used 66571K, capacity 98249K, committed 98480K, reserved 1118208K
  class space    used 18491K, capacity 29259K, committed 29360K, reserved 1048576K
}
Event: 18.445 GC heap before
{Heap before GC invocations=19 (full 3):
 PSYoungGen      total 971264K, used 42569K [0x000000076b380000, 0x00000007afd00000, 0x00000007c0000000)
  eden space 938496K, 3% used [0x000000076b380000,0x000000076cf27120,0x00000007a4800000)
  from space 32768K, 43% used [0x00000007a4800000,0x00000007a55eb4b0,0x00000007a6800000)
  to   space 31232K, 0% used [0x00000007ade80000,0x00000007ade80000,0x00000007afd00000)
 ParOldGen       total 295424K, used 63534K [0x00000006c1a00000, 0x00000006d3a80000, 0x000000076b380000)
  object space 295424K, 21% used [0x00000006c1a00000,0x00000006c580bad8,0x00000006d3a80000)
 Metaspace       used 66723K, capacity 98557K, committed 98600K, reserved 1118208K
  class space    used 18527K, capacity 29359K, committed 29360K, reserved 1048576K
Event: 18.454 GC heap after
Heap after GC invocations=19 (full 3):
 PSYoungGen      total 1094656K, used 13920K [0x000000076b380000, 0x00000007b6a80000, 0x00000007c0000000)
  eden space 1063424K, 0% used [0x000000076b380000,0x000000076b380000,0x00000007ac200000)
  from space 31232K, 44% used [0x00000007ade80000,0x00000007aec18010,0x00000007afd00000)
  to   space 29184K, 0% used [0x00000007ac200000,0x00000007ac200000,0x00000007ade80000)
 ParOldGen       total 295424K, used 63542K [0x00000006c1a00000, 0x00000006d3a80000, 0x000000076b380000)
  object space 295424K, 21% used [0x00000006c1a00000,0x00000006c580dad8,0x00000006d3a80000)
 Metaspace       used 66723K, capacity 98557K, committed 98600K, reserved 1118208K
  class space    used 18527K, capacity 29359K, committed 29360K, reserved 1048576K
}
Event: 18.454 GC heap before
{Heap before GC invocations=20 (full 4):
 PSYoungGen      total 1094656K, used 13920K [0x000000076b380000, 0x00000007b6a80000, 0x00000007c0000000)
  eden space 1063424K, 0% used [0x000000076b380000,0x000000076b380000,0x00000007ac200000)
  from space 31232K, 44% used [0x00000007ade80000,0x00000007aec18010,0x00000007afd00000)
  to   space 29184K, 0% used [0x00000007ac200000,0x00000007ac200000,0x00000007ade80000)
 ParOldGen       total 295424K, used 63542K [0x00000006c1a00000, 0x00000006d3a80000, 0x000000076b380000)
  object space 295424K, 21% used [0x00000006c1a00000,0x00000006c580dad8,0x00000006d3a80000)
 Metaspace       used 66723K, capacity 98557K, committed 98600K, reserved 1118208K
  class space    used 18527K, capacity 29359K, committed 29360K, reserved 1048576K
Event: 18.556 GC heap after
Heap after GC invocations=20 (full 4):
 PSYoungGen      total 1094656K, used 0K [0x000000076b380000, 0x00000007b6a80000, 0x00000007c0000000)
  eden space 1063424K, 0% used [0x000000076b380000,0x000000076b380000,0x00000007ac200000)
  from space 31232K, 0% used [0x00000007ade80000,0x00000007ade80000,0x00000007afd00000)
  to   space 29184K, 0% used [0x00000007ac200000,0x00000007ac200000,0x00000007ade80000)
 ParOldGen       total 368640K, used 69686K [0x00000006c1a00000, 0x00000006d8200000, 0x000000076b380000)
  object space 368640K, 18% used [0x00000006c1a00000,0x00000006c5e0db58,0x00000006d8200000)
 Metaspace       used 66723K, capacity 98557K, committed 98600K, reserved 1118208K
  class space    used 18527K, capacity 29359K, committed 29360K, reserved 1048576K
}

Deoptimization events (10 events):
Event: 19.985 Thread 0x000000001dec6800 Uncommon trap: reason=bimorphic action=maybe_recompile pc=0x000000000272c0ac method=clojure.lang.MultiFn.invoke(Ljava/lang/Object;)Ljava/lang/Object; @ 6
Event: 19.985 Thread 0x000000001dec6800 Uncommon trap: reason=bimorphic action=maybe_recompile pc=0x000000000272c0ac method=clojure.lang.MultiFn.invoke(Ljava/lang/Object;)Ljava/lang/Object; @ 6
Event: 19.990 Thread 0x000000001dec6800 Uncommon trap: reason=bimorphic action=maybe_recompile pc=0x0000000002a95ffc method=clojure.lang.PersistentList$1.doInvoke(Ljava/lang/Object;)Ljava/lang/Object; @ 71
Event: 19.990 Thread 0x000000001dec6800 Uncommon trap: reason=bimorphic action=maybe_recompile pc=0x0000000002a95ffc method=clojure.lang.PersistentList$1.doInvoke(Ljava/lang/Object;)Ljava/lang/Object; @ 71
Event: 19.990 Thread 0x000000001dec6800 Uncommon trap: reason=bimorphic action=maybe_recompile pc=0x0000000002a95ffc method=clojure.lang.PersistentList$1.doInvoke(Ljava/lang/Object;)Ljava/lang/Object; @ 71
Event: 20.006 Thread 0x000000001dec6800 Uncommon trap: reason=class_check action=maybe_recompile pc=0x0000000003589208 method=clojure.lang.RT.toArray(Ljava/lang/Object;)[Ljava/lang/Object; @ 16
Event: 20.006 Thread 0x000000001dec6800 Uncommon trap: reason=class_check action=maybe_recompile pc=0x0000000003589208 method=clojure.lang.RT.toArray(Ljava/lang/Object;)[Ljava/lang/Object; @ 16
Event: 107.483 Thread 0x000000001efd4000 Uncommon trap: reason=bimorphic action=maybe_recompile pc=0x0000000002a95ffc method=clojure.lang.PersistentList$1.doInvoke(Ljava/lang/Object;)Ljava/lang/Object; @ 71
Event: 107.491 Thread 0x000000001efd4000 Uncommon trap: reason=unstable_if action=reinterpret pc=0x0000000003189994 method=clojure.lang.PersistentTreeMap.add(Lclojure/lang/PersistentTreeMap$Node;Ljava/lang/Object;Ljava/lang/Object;Lclojure/lang/Box;)Lclojure/lang/PersistentTreeMap$Node; @ 40
Event: 107.491 Thread 0x000000001efd4000 Uncommon trap: reason=unstable_if action=reinterpret pc=0x00000000029254e4 method=clojure.lang.PersistentTreeMap.assoc(Ljava/lang/Object;Ljava/lang/Object;)Lclojure/lang/PersistentTreeMap; @ 24

Internal exceptions (10 events):
Event: 14.145 Thread 0x000000001dec6800 Implicit null exception at 0x0000000002664e8c to 0x0000000002664ebb
Event: 14.175 Thread 0x000000001dec6800 Implicit null exception at 0x0000000003305eac to 0x00000000033068c1
Event: 14.175 Thread 0x000000001dec6800 Implicit null exception at 0x000000000388f70c to 0x000000000388f7f6
Event: 14.176 Thread 0x000000001dec6800 Implicit null exception at 0x000000000388e0ac to 0x000000000388e192
Event: 14.663 Thread 0x000000001dec6800 Implicit null exception at 0x0000000002a02a2c to 0x0000000002a08b29
Event: 15.537 Thread 0x000000001dec6800 Implicit null exception at 0x000000000261f76f to 0x0000000002621245
Event: 16.321 Thread 0x000000001dec6800 Implicit null exception at 0x0000000002ff29cc to 0x0000000002ff2a52
Event: 16.390 Thread 0x000000001dec6800 Implicit null exception at 0x000000000398ce4b to 0x000000000398da61
Event: 16.528 Thread 0x000000001dec6800 Implicit null exception at 0x00000000028b43a7 to 0x00000000028b58b1
Event: 107.491 Thread 0x000000001efd4000 Implicit null exception at 0x00000000029253a9 to 0x00000000029254d9

Events (10 events):
Event: 107.491 Thread 0x000000001efd4000 DEOPT PACKING pc=0x00000000029254e4 sp=0x000000002b78dde0
Event: 107.491 Thread 0x000000001efd4000 DEOPT UNPACKING pc=0x000000000239582a sp=0x000000002b78dd78 mode 2
Event: 107.492 Thread 0x000000001dec5800 flushing nmethod 0x0000000002e71810
Event: 107.501 Thread 0x000000001dec5800 flushing nmethod 0x0000000002fe7710
Event: 107.501 Thread 0x000000001dec5800 flushing nmethod 0x0000000002ff5f10
Event: 107.501 Thread 0x000000001dec5800 flushing nmethod 0x0000000002ff62d0
Event: 107.502 Thread 0x000000001dec5800 flushing nmethod 0x000000000314c050
Event: 107.567 Thread 0x000000001dec5800 flushing nmethod 0x00000000032dae90
Event: 107.567 Thread 0x000000001dec5800 flushing nmethod 0x000000000335b690
Event: 107.567 Thread 0x000000001dec5800 flushing nmethod 0x0000000003416b10


Dynamic libraries:
0x00007ff60d270000 - 0x00007ff60d2a7000 	C:\Program Files\Java\jdk1.8.0_60\bin\java.exe
0x00007ffb012b0000 - 0x00007ffb01471000 	C:\WINDOWS\SYSTEM32\ntdll.dll
0x00007ffb00380000 - 0x00007ffb0042d000 	C:\WINDOWS\system32\KERNEL32.DLL
0x00007ffafd9f0000 - 0x00007ffafdbd8000 	C:\WINDOWS\system32\KERNELBASE.dll
0x00007ffb00bb0000 - 0x00007ffb00c57000 	C:\WINDOWS\system32\ADVAPI32.dll
0x00007ffafe950000 - 0x00007ffafe9ed000 	C:\WINDOWS\system32\msvcrt.dll
0x00007ffafe6b0000 - 0x00007ffafe70b000 	C:\WINDOWS\system32\sechost.dll
0x00007ffafe820000 - 0x00007ffafe93c000 	C:\WINDOWS\system32\RPCRT4.dll
0x00007ffb01150000 - 0x00007ffb012a6000 	C:\WINDOWS\system32\USER32.dll
0x00007ffb00c60000 - 0x00007ffb00de6000 	C:\WINDOWS\system32\GDI32.dll
0x00007ffaf8b70000 - 0x00007ffaf8de4000 	C:\WINDOWS\WinSxS\amd64_microsoft.windows.common-controls_6595b64144ccf1df_6.0.10586.0_none_8c15ae12515e1c22\COMCTL32.dll
0x00007ffb00ea0000 - 0x00007ffb0111d000 	C:\WINDOWS\system32\combase.dll
0x00007ffafdc90000 - 0x00007ffafdcfa000 	C:\WINDOWS\system32\bcryptPrimitives.dll
0x00007ffb00e60000 - 0x00007ffb00e9b000 	C:\WINDOWS\system32\IMM32.DLL
0x00000000635a0000 - 0x0000000063672000 	C:\Program Files\Java\jdk1.8.0_60\jre\bin\msvcr100.dll
0x0000000062d10000 - 0x0000000063599000 	C:\Program Files\Java\jdk1.8.0_60\jre\bin\server\jvm.dll
0x00007ffb01140000 - 0x00007ffb01148000 	C:\WINDOWS\system32\PSAPI.DLL
0x00007ffafc130000 - 0x00007ffafc139000 	C:\WINDOWS\SYSTEM32\WSOCK32.dll
0x00007ffaf97f0000 - 0x00007ffaf97fa000 	C:\WINDOWS\SYSTEM32\VERSION.dll
0x00007ffafbad0000 - 0x00007ffafbaf3000 	C:\WINDOWS\SYSTEM32\WINMM.dll
0x00007ffb007b0000 - 0x00007ffb0081b000 	C:\WINDOWS\system32\WS2_32.dll
0x0000000002120000 - 0x000000000214c000 	C:\WINDOWS\SYSTEM32\WINMMBASE.dll
0x00007ffafe3b0000 - 0x00007ffafe3f3000 	C:\WINDOWS\system32\cfgmgr32.dll
0x0000000063700000 - 0x000000006370f000 	C:\Program Files\Java\jdk1.8.0_60\jre\bin\verify.dll
0x00000000636d0000 - 0x00000000636f9000 	C:\Program Files\Java\jdk1.8.0_60\jre\bin\java.dll
0x00000000636b0000 - 0x00000000636c6000 	C:\Program Files\Java\jdk1.8.0_60\jre\bin\zip.dll
0x00007ffafe9f0000 - 0x00007ffafff4f000 	C:\WINDOWS\system32\SHELL32.dll
0x00007ffafdd60000 - 0x00007ffafe3a4000 	C:\WINDOWS\system32\windows.storage.dll
0x00007ffb00b40000 - 0x00007ffb00b92000 	C:\WINDOWS\system32\shlwapi.dll
0x00007ffafd900000 - 0x00007ffafd90f000 	C:\WINDOWS\system32\kernel.appcore.dll
0x00007ffafe400000 - 0x00007ffafe4b5000 	C:\WINDOWS\system32\shcore.dll
0x00007ffafd910000 - 0x00007ffafd95b000 	C:\WINDOWS\system32\powrprof.dll
0x00007ffafd8d0000 - 0x00007ffafd8e4000 	C:\WINDOWS\system32\profapi.dll
0x0000000062cf0000 - 0x0000000062d0a000 	C:\Program Files\Java\jdk1.8.0_60\jre\bin\net.dll
0x00007ffafd200000 - 0x00007ffafd25c000 	C:\WINDOWS\system32\mswsock.dll
0x0000000062b50000 - 0x0000000062ce8000 	C:\Program Files\Java\jdk1.8.0_60\jre\bin\awt.dll
0x00007ffb00590000 - 0x00007ffb00651000 	C:\WINDOWS\system32\OLEAUT32.dll
0x00007ffafc080000 - 0x00007ffafc0f9000 	C:\WINDOWS\system32\apphelp.dll
0x00007ffafc340000 - 0x00007ffafc3ea000 	C:\WINDOWS\SYSTEM32\DNSAPI.dll
0x00007ffafe940000 - 0x00007ffafe948000 	C:\WINDOWS\system32\NSI.dll
0x00007ffaf2910000 - 0x00007ffaf291a000 	C:\Windows\System32\rasadhlp.dll
0x00007ffaf8850000 - 0x00007ffaf88b7000 	C:\WINDOWS\System32\fwpuclnt.dll
0x00007ffafd4d0000 - 0x00007ffafd4f9000 	C:\WINDOWS\SYSTEM32\bcrypt.dll
0x00007ffafd2b0000 - 0x00007ffafd2c7000 	C:\WINDOWS\SYSTEM32\CRYPTSP.dll
0x00007ffafcf40000 - 0x00007ffafcf74000 	C:\WINDOWS\system32\rsaenh.dll
0x00007ffafd090000 - 0x00007ffafd0af000 	C:\WINDOWS\SYSTEM32\USERENV.dll
0x00007ffafd3d0000 - 0x00007ffafd3db000 	C:\WINDOWS\SYSTEM32\CRYPTBASE.dll
0x00007ffafa4b0000 - 0x00007ffafa4e8000 	C:\WINDOWS\SYSTEM32\IPHLPAPI.DLL
0x00007ffaf9d20000 - 0x00007ffaf9d36000 	C:\WINDOWS\SYSTEM32\dhcpcsvc6.DLL
0x00007ffafa3c0000 - 0x00007ffafa3da000 	C:\WINDOWS\SYSTEM32\dhcpcsvc.DLL
0x0000000062b30000 - 0x0000000062b41000 	C:\Program Files\Java\jdk1.8.0_60\jre\bin\nio.dll
0x00007ffadbef0000 - 0x00007ffadbf51000 	C:\Users\Nebojsa\AppData\Local\Temp\JOCL_0_2_0-windows-x86_64.dll
0x00007ffaf3b80000 - 0x00007ffaf3b9a000 	C:\WINDOWS\SYSTEM32\OpenCL.dll
0x00007ffadbe80000 - 0x00007ffadbee7000 	C:\WINDOWS\SYSTEM32\IntelOpenCL64.dll
0x00007ffad3000000 - 0x00007ffad31bd000 	C:\Program Files (x86)\Common Files\Intel\OpenCL\bin\x64\intelocl64.dll
0x00007ffad36e0000 - 0x00007ffad377d000 	C:\Program Files (x86)\Common Files\Intel\OpenCL\bin\x64\task_executor64.dll
0x00007ffad5500000 - 0x00007ffad5629000 	C:\WINDOWS\SYSTEM32\OPENGL32.dll
0x00007ffad52f0000 - 0x00007ffad531e000 	C:\WINDOWS\SYSTEM32\GLU32.dll
0x00007ffad5030000 - 0x00007ffad512a000 	C:\WINDOWS\SYSTEM32\DDRAW.dll
0x00007ffad57a0000 - 0x00007ffad57a8000 	C:\WINDOWS\SYSTEM32\DCIMAN32.dll
0x00007ffad2ce0000 - 0x00007ffad2db8000 	C:\Program Files (x86)\Common Files\Intel\OpenCL\bin\x64\cpu_device64.dll
0x00007ffad1210000 - 0x00007ffad165d000 	C:\WINDOWS\SYSTEM32\igdrcl64.dll
0x00007ffafae70000 - 0x00007ffafaf12000 	C:\WINDOWS\SYSTEM32\dxgi.dll
0x00007ffad2bb0000 - 0x00007ffad2ce0000 	C:\WINDOWS\SYSTEM32\igdfcl64.dll
0x00007ffadd520000 - 0x00007ffadd6ac000 	C:\WINDOWS\SYSTEM32\dbghelp.dll
0x00007ffac6c40000 - 0x00007ffac7185000 	C:\WINDOWS\SYSTEM32\igdmcl64.dll
0x00007ffad11a0000 - 0x00007ffad120d000 	C:\WINDOWS\SYSTEM32\igdbcl64.dll
0x00007ffaf75c0000 - 0x00007ffaf7fc2000 	C:\WINDOWS\SYSTEM32\igdusc64.dll
0x00007ffabf500000 - 0x00007ffac04e2000 	C:\WINDOWS\System32\nvopencl.dll
0x00007ffafff50000 - 0x00007ffb00379000 	C:\WINDOWS\system32\SETUPAPI.dll
0x00007ffafc1a0000 - 0x00007ffafc236000 	C:\WINDOWS\system32\uxtheme.dll
0x00007ffaf6fe0000 - 0x00007ffaf7371000 	C:\WINDOWS\system32\nvapi64.dll
0x00007ffb00660000 - 0x00007ffb007a3000 	C:\WINDOWS\system32\ole32.dll
0x00007ffafc2f0000 - 0x00007ffafc317000 	C:\WINDOWS\SYSTEM32\DEVOBJ.dll
0x00007ffafdd00000 - 0x00007ffafdd55000 	C:\WINDOWS\system32\WINTRUST.dll
0x00007ffafd8f0000 - 0x00007ffafd900000 	C:\WINDOWS\system32\MSASN1.dll
0x00007ffafe4e0000 - 0x00007ffafe6a7000 	C:\WINDOWS\system32\CRYPT32.dll
0x00007ffabbdb0000 - 0x00007ffabd97d000 	C:\WINDOWS\SYSTEM32\common_clang64.dll

VM Arguments:
jvm_args: -Dfile.encoding=UTF-8 -Dclojure.compile.path=F:\DoktorskeFON\1Semestar\Clojure\clo\target\classes -Dclo.version=0.1.0-SNAPSHOT -Dclojure.debug=false 
java_command: clojure.main -i C:\Users\Nebojsa\AppData\Local\Temp\form-init2095482096046224676.clj
java_class_path (initial): F:\DoktorskeFON\1Semestar\Clojure\clo\test;F:\DoktorskeFON\1Semestar\Clojure\clo\src;F:\DoktorskeFON\1Semestar\Clojure\clo\dev-resources;F:\DoktorskeFON\1Semestar\Clojure\clo\resources;F:\DoktorskeFON\1Semestar\Clojure\clo\target\classes;C:\Users\Nebojsa\.m2\repository\com\outpace\config\0.9.0\config-0.9.0.jar;C:\Users\Nebojsa\.m2\repository\org\clojure\tools.nrepl\0.2.10\tools.nrepl-0.2.10.jar;C:\Users\Nebojsa\.m2\repository\org\clojure\tools.analyzer\0.1.0-beta12\tools.analyzer-0.1.0-beta12.jar;C:\Users\Nebojsa\.m2\repository\org\tcrawley\dynapath\0.2.3\dynapath-0.2.3.jar;C:\Users\Nebojsa\.m2\repository\net\cgrand\regex\1.1.0\regex-1.1.0.jar;C:\Users\Nebojsa\.m2\repository\swiss-arrows\swiss-arrows\1.0.0\swiss-arrows-1.0.0.jar;C:\Users\Nebojsa\.m2\repository\gui-diff\gui-diff\0.5.0\gui-diff-0.5.0.jar;C:\Users\Nebojsa\.m2\repository\clojure-complete\clojure-complete\0.2.3\clojure-complete-0.2.3.jar;C:\Users\Nebojsa\.m2\repository\org\clojure\tools.analyzer.jvm\0.1.0-beta12\tools.analyzer.jvm-0.1.0-beta12.jar;C:\Users\Nebojsa\.m2\repository\org\clojars\trptcolin\sjacket\0.1.3\sjacket-0.1.3.jar;C:\Users\Nebojsa\.m2\repository\org\clojure\core.cache\0.6.3\core.cache-0.6.3.jar;C:\Users\Nebojsa\.m2\repository\dynapath\dynapath\0.2.0\dynapath-0.2.0.jar;C:\Users\Nebojsa\.m2\repository\org\clojure\tools.macro\0.1.5\tools.macro-0.1.5.jar;C:\Users\Nebojsa\.m2\repository\utilize\utilize\0.2.3\utilize-0.2.3.jar;C:\Users\Nebojsa\.m2\repository\slingshot\slingshot\0.10.3\slingshot-0.10.3.jar;C:\Users\Nebojsa\.m2\repository\commons-codec\commons-codec\1.9\commons-codec-1.9.jar;C:\Users\Nebojsa\.m2\repository\clj-tuple\clj-tuple\0.1.4\clj-tuple-0.1.4.jar;C:\Users\Nebojsa\.m2\repository\joda-time\joda-time\2.0\joda-time-2.0.jar;C:\Users\Nebojsa\.m2\repository\uncomplicate\clojurecl\0.1.2\clojurecl-0.1.2.jar;C:\Users\Nebojsa\.m2\repository\cider\cider-nrepl\0.9.0\cider-nrepl-0.9.0.jar;C:\Users\Nebojsa\.m2\repository\org\jocl\jocl\0.2.0-RC00\jocl-0.2.0-RC
Launcher Type: SUN_STANDARD

Environment Variables:
PATH=C:/Program Files/Java/jre1.8.0_71/bin/server;C:/Program Files/Java/jre1.8.0_71/bin;C:/Program Files/Java/jre1.8.0_71/lib/amd64;C:\ProgramData\Oracle\Java\javapath;C:\Program Files\NVIDIA GPU Computing Toolkit\CUDA\v7.5\bin;C:\Program Files\NVIDIA GPU Computing Toolkit\CUDA\v7.5\libnvvp;C:\Program Files (x86)\Intel\iCLS Client\;C:\Program Files\Intel\iCLS Client\;C:\Windows\system32;C:\Windows;C:\Windows\System32\Wbem;C:\Windows\System32\WindowsPowerShell\v1.0\;C:\Program Files\Intel\Intel(R) Management Engine Components\DAL;C:\Program Files (x86)\Intel\Intel(R) Management Engine Components\DAL;C:\Program Files\Intel\Intel(R) Management Engine Components\IPT;C:\Program Files (x86)\Intel\Intel(R) Management Engine Components\IPT;C:\Program Files\Intel\WiFi\bin\;C:\Program Files\Common Files\Intel\WirelessCommon\;c:\Program Files (x86)\Microsoft SQL Server\100\Tools\Binn\;c:\Program Files\Microsoft SQL Server\100\Tools\Binn\;c:\Program Files\Microsoft SQL Server\100\DTS\Binn\;C:\Program Files\Microsoft SQL Server\120\DTS\Binn\;C:\Program Files\Microsoft SQL Server\Client SDK\ODBC\110\Tools\Binn\;C:\Program Files (x86)\Microsoft SQL Server\120\Tools\Binn\;C:\Program Files\Microsoft SQL Server\120\Tools\Binn\;C:\Program Files (x86)\Microsoft SQL Server\120\Tools\Binn\ManagementStudio\;C:\Program Files (x86)\Microsoft SQL Server\120\DTS\Binn\;C:\Program Files (x86)\Common Files\Easysoft\Shared\;C:\Program Files\Common Files\Easysoft\Shared\;C:\Program Files (x86)\NVIDIA Corporation\PhysX\Common;C:\WINDOWS\system32;C:\WINDOWS;C:\WINDOWS\System32\Wbem;C:\WINDOWS\System32\WindowsPowerShell\v1.0\;C:\WINDOWS\system32;C:\WINDOWS;C:\WINDOWS\System32\Wbem;C:\WINDOWS\System32\WindowsPowerShell\v1.0\;C:\Program Files (x86)\Skype\Phone\;C:\Program Files (x86)\EaseUS\Todo Backup\bin\x64\;C:\FON\counterclockwise-0.34.0.STABLE001;
USERNAME=Nebojsa
OS=Windows_NT
PROCESSOR_IDENTIFIER=Intel64 Family 6 Model 60 Stepping 3, GenuineIntel



---------------  S Y S T E M  ---------------

OS: Windows 10.0 , 64 bit Build 10586 (10.0.10586.0)

CPU:total 8 (4 cores per cpu, 2 threads per core) family 6 model 60 stepping 3, cmov, cx8, fxsr, mmx, sse, sse2, sse3, ssse3, sse4.1, sse4.2, popcnt, avx, avx2, aes, clmul, erms, lzcnt, ht, tsc, tscinvbit, bmi1, bmi2

Memory: 4k page, physical 16663636k(10692864k free), swap 19154004k(9837536k free)

vm_info: Java HotSpot(TM) 64-Bit Server VM (25.60-b23) for windows-amd64 JRE (1.8.0_60-b27), built on Aug  4 2015 11:06:27 by "java_re" with MS VC++ 10.0 (VS2010)

time: Mon Feb 08 01:19:34 2016
elapsed time: 107 seconds (0d 0h 1m 47s)

