#
# A fatal error has been detected by the Java Runtime Environment:
#
#  EXCEPTION_ACCESS_VIOLATION (0xc0000005) at pc=0x00007ffadbef2b09, pid=13476, tid=5520
#
# JRE version: Java(TM) SE Runtime Environment (8.0_60-b27) (build 1.8.0_60-b27)
# Java VM: Java HotSpot(TM) 64-Bit Server VM (25.60-b23 mixed mode windows-amd64 compressed oops)
# Problematic frame:
# C  [JOCL_0_2_0-windows-x86_64.dll+0x2b09]
#
# Failed to write core dump. Minidumps are not enabled by default on client versions of Windows
#
# If you would like to submit a bug report, please visit:
#   http://bugreport.java.com/bugreport/crash.jsp
# The crash happened outside the Java Virtual Machine in native code.
# See problematic frame for where to report the bug.
#

---------------  T H R E A D  ---------------

Current thread (0x0000000020f5b800):  JavaThread "nREPL-worker-0" daemon [_thread_in_native, id=5520, stack(0x0000000028020000,0x0000000028120000)]

siginfo: ExceptionCode=0xc0000005, reading address 0x000000002b082b68

Registers:
RAX=0x000000002811ded0, RBX=0x000000002b082b40, RCX=0x0000000000000006, RDX=0x00007ffadbf37b90
RSP=0x000000002811de90, RBP=0x000000002811df60, RSI=0x000000002af44dd0, RDI=0x0000000020f5b9f8
R8 =0x000000002811d978, R9 =0x000000002811d970, R10=0xfffffffffffff000, R11=0x000000002811dc20
R12=0x0000000000000000, R13=0x0000000029f914d0, R14=0x000000002811df80, R15=0x0000000020f5b800
RIP=0x00007ffadbef2b09, EFLAGS=0x0000000000010206

Top of Stack: (sp=0x000000002811de90)
0x000000002811de90:   000000002b082b40 00007ffadbf37b90
0x000000002811dea0:   000000002811d978 000000002811d970
0x000000002811deb0:   0000000020f5b9f8 00007ffadbefa974
0x000000002811dec0:   0000000000000000 00007ffa00000001
0x000000002811ded0:   0000000000559e20 000000002af44dd0
0x000000002811dee0:   0000000000000632 0000000002435e34
0x000000002811def0:   0000000000000138 0000000029f914d0
0x000000002811df00:   0000000029f91c18 0000000000000000
0x000000002811df10:   000000002811df28 000000002811df70
0x000000002811df20:   000000002811df20 0000000000000000
0x000000002811df30:   000000002811df80 000000002593f838
0x000000002811df40:   0000000000000000 0000000029f914d0
0x000000002811df50:   0000000000000000 000000002811df80
0x000000002811df60:   000000002811dfc8 0000000002427730
0x000000002811df70:   00000006c51065c0 000000000242f976
0x000000002811df80:   000000076e3ea488 000000002811df88 

Instructions: (pc=0x00007ffadbef2b09)
0x00007ffadbef2ae9:   74 65 48 8d 54 24 40 4c 8b c3 e8 58 01 00 00 48
0x00007ffadbef2af9:   8d 15 91 50 04 00 b9 06 00 00 00 e8 07 49 01 00
0x00007ffadbef2b09:   48 8b 53 28 48 85 d2 74 3e 48 8b 12 48 85 d2 74
0x00007ffadbef2b19:   0c 48 8b 07 48 8b cf ff 90 b0 00 00 00 48 8b 43 


Register to memory mapping:

RAX=0x000000002811ded0 is pointing into the stack for thread: 0x0000000020f5b800
RBX=0x000000002b082b40 is an unknown value
RCX=0x0000000000000006 is an unknown value
RDX=0x00007ffadbf37b90 is an unknown value
RSP=0x000000002811de90 is pointing into the stack for thread: 0x0000000020f5b800
RBP=0x000000002811df60 is pointing into the stack for thread: 0x0000000020f5b800
RSI=0x000000002af44dd0 is an unknown value
RDI=0x0000000020f5b9f8 is an unknown value
R8 =0x000000002811d978 is pointing into the stack for thread: 0x0000000020f5b800
R9 =0x000000002811d970 is pointing into the stack for thread: 0x0000000020f5b800
R10=0xfffffffffffff000 is an unknown value
R11=0x000000002811dc20 is pointing into the stack for thread: 0x0000000020f5b800
R12=0x0000000000000000 is an unknown value
R13={method} {0x0000000029f914d8} 'clReleaseContextNative' '(Lorg/jocl/cl_context;)I' in 'org/jocl/CL'
R14=0x000000002811df80 is pointing into the stack for thread: 0x0000000020f5b800
R15=0x0000000020f5b800 is a thread


Stack: [0x0000000028020000,0x0000000028120000],  sp=0x000000002811de90,  free space=1015k
Native frames: (J=compiled Java code, j=interpreted, Vv=VM code, C=native code)
C  [JOCL_0_2_0-windows-x86_64.dll+0x2b09]
C  [JOCL_0_2_0-windows-x86_64.dll+0xa974]
C  0x0000000002435e34

Java frames: (J=compiled Java code, j=interpreted, Vv=VM code)
j  org.jocl.CL.clReleaseContextNative(Lorg/jocl/cl_context;)I+0
j  org.jocl.CL.clReleaseContext(Lorg/jocl/cl_context;)I+1
j  uncomplicate.clojurecl.core$eval27022$fn__27023.invoke(Ljava/lang/Object;)Ljava/lang/Object;+5
j  uncomplicate.clojurecl.core$eval27001$fn__27002$G__26992__27007.invoke(Ljava/lang/Object;)Ljava/lang/Object;+45
j  uncomplicate.clojurecl.core$release_seq.invoke(Ljava/lang/Object;)Ljava/lang/Object;+86
j  clo.core$eval27647$fn__27648$fn__27649.invoke()Ljava/lang/Object;+519
j  midje.util.thread_safe_var_nesting$with_altered_roots_STAR_.invoke(Ljava/lang/Object;Ljava/lang/Object;)Ljava/lang/Object;+46
j  clo.core$eval27647$fn__27648.invoke()Ljava/lang/Object;+57
J 7348 C2 clojure.lang.AFn.applyToHelper(Lclojure/lang/IFn;Lclojure/lang/ISeq;)Ljava/lang/Object; (3238 bytes) @ 0x0000000003dda450 [0x0000000003dd9ae0+0x970]
J 6173 C2 clojure.lang.AFn.applyTo(Lclojure/lang/ISeq;)Ljava/lang/Object; (12 bytes) @ 0x00000000026f4dd4 [0x00000000026f4da0+0x34]
J 6761 C1 clojure.lang.AFunction$1.doInvoke(Ljava/lang/Object;)Ljava/lang/Object; (12 bytes) @ 0x0000000003144404 [0x0000000003144200+0x204]
J 7223 C1 clojure.lang.RestFn.invoke()Ljava/lang/Object; (36 bytes) @ 0x0000000002ce20cc [0x0000000002ce1f00+0x1cc]
j  midje.checking.facts$check_one$fn__14199.invoke()Ljava/lang/Object;+7
j  midje.checking.facts$check_one.invoke(Ljava/lang/Object;)Ljava/lang/Object;+600
j  midje.checking.facts$creation_time_check.invoke(Ljava/lang/Object;)Ljava/lang/Object;+39
j  clo.core$eval27647.invoke()Ljava/lang/Object;+229
J 6348 C1 clojure.lang.Compiler.eval(Ljava/lang/Object;Z)Ljava/lang/Object; (393 bytes) @ 0x00000000039db334 [0x00000000039d5de0+0x5554]
J 6283 C1 clojure.lang.Compiler.load(Ljava/io/Reader;Ljava/lang/String;Ljava/lang/String;)Ljava/lang/Object; (478 bytes) @ 0x0000000003938f84 [0x00000000039347c0+0x47c4]
j  user$eval27629.invoke()Ljava/lang/Object;+65
J 6348 C1 clojure.lang.Compiler.eval(Ljava/lang/Object;Z)Ljava/lang/Object; (393 bytes) @ 0x00000000039db334 [0x00000000039d5de0+0x5554]
j  clojure.lang.Compiler.eval(Ljava/lang/Object;)Ljava/lang/Object;+2
j  clojure.core$eval.invoke(Ljava/lang/Object;)Ljava/lang/Object;+3
j  clojure.main$repl$read_eval_print__6625$fn__6628.invoke()Ljava/lang/Object;+11
j  clojure.main$repl$read_eval_print__6625.invoke()Ljava/lang/Object;+196
j  clojure.main$repl$fn__6634.invoke()Ljava/lang/Object;+7
j  clojure.main$repl.doInvoke(Ljava/lang/Object;)Ljava/lang/Object;+585
j  clojure.lang.RestFn.invoke(Ljava/lang/Object;Ljava/lang/Object;Ljava/lang/Object;Ljava/lang/Object;Ljava/lang/Object;Ljava/lang/Object;Ljava/lang/Object;Ljava/lang/Object;Ljava/lang/Object;Ljava/lang/Object;Ljava/lang/Object;Ljava/lang/Object;Ljava/lang/Object;Ljava/lang/Object;)Ljava/lang/Object;+259
j  clojure.tools.nrepl.middleware.interruptible_eval$evaluate$fn__630.invoke()Ljava/lang/Object;+273
J 7348 C2 clojure.lang.AFn.applyToHelper(Lclojure/lang/IFn;Lclojure/lang/ISeq;)Ljava/lang/Object; (3238 bytes) @ 0x0000000003dda450 [0x0000000003dd9ae0+0x970]
J 6173 C2 clojure.lang.AFn.applyTo(Lclojure/lang/ISeq;)Ljava/lang/Object; (12 bytes) @ 0x00000000026f4dd4 [0x00000000026f4da0+0x34]
J 5008 C2 clojure.core$apply.invoke(Ljava/lang/Object;Ljava/lang/Object;)Ljava/lang/Object; (32 bytes) @ 0x00000000034b9d6c [0x00000000034b9c80+0xec]
J 6896 C1 clojure.core$with_bindings_STAR_.doInvoke(Ljava/lang/Object;Ljava/lang/Object;Ljava/lang/Object;)Ljava/lang/Object; (81 bytes) @ 0x00000000029a4e04 [0x00000000029a4900+0x504]
J 4887 C2 clojure.lang.RestFn.invoke(Ljava/lang/Object;Ljava/lang/Object;)Ljava/lang/Object; (119 bytes) @ 0x0000000002e16e50 [0x0000000002e16c80+0x1d0]
j  clojure.tools.nrepl.middleware.interruptible_eval$evaluate.invoke(Ljava/lang/Object;Ljava/lang/Object;)Ljava/lang/Object;+616
j  clojure.tools.nrepl.middleware.interruptible_eval$interruptible_eval$fn__672$fn__675.invoke()Ljava/lang/Object;+105
j  clojure.tools.nrepl.middleware.interruptible_eval$run_next$fn__667.invoke()Ljava/lang/Object;+7
j  clojure.lang.AFn.run()V+1
j  java.util.concurrent.ThreadPoolExecutor.runWorker(Ljava/util/concurrent/ThreadPoolExecutor$Worker;)V+95
j  java.util.concurrent.ThreadPoolExecutor$Worker.run()V+5
j  java.lang.Thread.run()V+11
v  ~StubRoutines::call_stub

---------------  P R O C E S S  ---------------

Java Threads: ( => current thread )
  0x000000002343d800 JavaThread "clojure.core.async.timers/timeout-daemon" daemon [_thread_blocked, id=15096, stack(0x00000000288a0000,0x00000000289a0000)]
  0x0000000023438000 JavaThread "nREPL-worker-1" daemon [_thread_blocked, id=8544, stack(0x00000000283a0000,0x00000000284a0000)]
  0x0000000020f57000 JavaThread "clojure-agent-send-off-pool-8" [_thread_blocked, id=13180, stack(0x00000000282a0000,0x00000000283a0000)]
=>0x0000000020f5b800 JavaThread "nREPL-worker-0" daemon [_thread_in_native, id=5520, stack(0x0000000028020000,0x0000000028120000)]
  0x0000000020f5b000 JavaThread "clojure-agent-send-off-pool-7" [_thread_blocked, id=5480, stack(0x0000000027db0000,0x0000000027eb0000)]
  0x0000000020f5a000 JavaThread "clojure-agent-send-off-pool-6" [_thread_in_native, id=5548, stack(0x0000000027bb0000,0x0000000027cb0000)]
  0x0000000020f58000 JavaThread "clojure-agent-send-off-pool-5" [_thread_in_native, id=3884, stack(0x0000000027ab0000,0x0000000027bb0000)]
  0x0000000020f56800 JavaThread "clojure-agent-send-off-pool-4" [_thread_blocked, id=5852, stack(0x00000000279b0000,0x0000000027ab0000)]
  0x0000000020f59800 JavaThread "clojure-agent-send-off-pool-3" [_thread_blocked, id=4300, stack(0x0000000025660000,0x0000000025760000)]
  0x0000000020f55000 JavaThread "clojure-agent-send-off-pool-2" [_thread_blocked, id=13576, stack(0x0000000024120000,0x0000000024220000)]
  0x0000000021ec8000 JavaThread "clojure-agent-send-off-pool-1" [_thread_in_native, id=5012, stack(0x0000000022a10000,0x0000000022b10000)]
  0x000000002244d000 JavaThread "clojure-agent-send-off-pool-0" [_thread_blocked, id=12940, stack(0x0000000021880000,0x0000000021980000)]
  0x000000001f66e000 JavaThread "Thread-0" daemon [_thread_in_native, id=4556, stack(0x00000000205b0000,0x00000000206b0000)]
  0x000000001dfd2000 JavaThread "Service Thread" daemon [_thread_blocked, id=6120, stack(0x000000001e900000,0x000000001ea00000)]
  0x000000001df43000 JavaThread "C1 CompilerThread3" daemon [_thread_blocked, id=8792, stack(0x000000001e800000,0x000000001e900000)]
  0x000000001df2c800 JavaThread "C2 CompilerThread2" daemon [_thread_blocked, id=12368, stack(0x000000001e700000,0x000000001e800000)]
  0x000000001df29800 JavaThread "C2 CompilerThread1" daemon [_thread_blocked, id=1608, stack(0x000000001e600000,0x000000001e700000)]
  0x000000001df36000 JavaThread "C2 CompilerThread0" daemon [_thread_blocked, id=15052, stack(0x000000001e500000,0x000000001e600000)]
  0x000000001df34800 JavaThread "Attach Listener" daemon [_thread_blocked, id=12856, stack(0x000000001e400000,0x000000001e500000)]
  0x000000001df33800 JavaThread "Signal Dispatcher" daemon [_thread_blocked, id=2128, stack(0x000000001e300000,0x000000001e400000)]
  0x000000000241c000 JavaThread "Finalizer" daemon [_thread_blocked, id=12040, stack(0x000000001dd20000,0x000000001de20000)]
  0x0000000002415000 JavaThread "Reference Handler" daemon [_thread_blocked, id=8060, stack(0x000000001dc20000,0x000000001dd20000)]
  0x0000000002323800 JavaThread "main" [_thread_blocked, id=13528, stack(0x0000000002120000,0x0000000002220000)]

Other Threads:
  0x000000001be49000 VMThread [stack: 0x000000001db20000,0x000000001dc20000] [id=11216]
  0x000000001dffc000 WatcherThread [stack: 0x000000001eae0000,0x000000001ebe0000] [id=11060]

VM state:not at safepoint (normal execution)

VM Mutex/Monitor currently owned by a thread: None

Heap:
 PSYoungGen      total 1107968K, used 63182K [0x000000076b380000, 0x00000007bfb00000, 0x00000007c0000000)
  eden space 1076224K, 5% used [0x000000076b380000,0x000000076f133a50,0x00000007ace80000)
  from space 31744K, 0% used [0x00000007aec00000,0x00000007aec00000,0x00000007b0b00000)
  to   space 30208K, 0% used [0x00000007ace80000,0x00000007ace80000,0x00000007aec00000)
 ParOldGen       total 329216K, used 69673K [0x00000006c1a00000, 0x00000006d5b80000, 0x000000076b380000)
  object space 329216K, 21% used [0x00000006c1a00000,0x00000006c5e0a6f0,0x00000006d5b80000)
 Metaspace       used 67105K, capacity 99119K, committed 99240K, reserved 1118208K
  class space    used 18629K, capacity 29572K, committed 29616K, reserved 1048576K

Card table byte_map: [0x00000000117e0000,0x0000000011fe0000] byte_map_base: 0x000000000e1d3000

Marking Bits: (ParMarkBitMap*) 0x000000006351a5b0
 Begin Bits: [0x0000000012d30000, 0x0000000016cc8000)
 End Bits:   [0x0000000016cc8000, 0x000000001ac60000)

Polling page: 0x00000000004f0000

CodeCache: size=245760Kb used=27195Kb max_used=27292Kb free=218564Kb
 bounds [0x0000000002420000, 0x0000000003f00000, 0x0000000011420000]
 total_blobs=5778 nmethods=5339 adapters=349
 compilation: enabled

Compilation events (10 events):
Event: 26.711 Thread 0x000000001df43000 7480       3       clojure.core$some_fn$sp2__6490::invoke (48 bytes)
Event: 26.711 Thread 0x000000001df43000 nmethod 7480 0x000000000343fc90 code [0x000000000343fe20, 0x00000000034403b8]
Event: 26.711 Thread 0x000000001df43000 7481       3       clojure.core$some_fn$sp2__6490::<init> (15 bytes)
Event: 26.711 Thread 0x000000001df43000 nmethod 7481 0x0000000002c79150 code [0x0000000002c792c0, 0x0000000002c795d0]
Event: 26.711 Thread 0x000000001df43000 7479       3       java.util.LinkedList$ListItr::<init> (47 bytes)
Event: 26.711 Thread 0x000000001df43000 nmethod 7479 0x00000000026bdf90 code [0x00000000026be100, 0x00000000026be3c8]
Event: 26.712 Thread 0x000000001df2c800 nmethod 7482 0x0000000002978610 code [0x0000000002978760, 0x00000000029788f8]
Event: 26.722 Thread 0x000000001df36000 nmethod 7477 0x00000000038bc650 code [0x00000000038bc880, 0x00000000038bd448]
Event: 26.790 Thread 0x000000001df43000 7483       1       clojure.tools.nrepl.middleware.session$session_out$fn__700::getRequiredArity (2 bytes)
Event: 26.790 Thread 0x000000001df43000 nmethod 7483 0x0000000003af2250 code [0x0000000003af23a0, 0x0000000003af24b0]

GC Heap History (10 events):
Event: 11.193 GC heap before
{Heap before GC invocations=16 (full 3):
 PSYoungGen      total 851968K, used 9803K [0x000000076b380000, 0x00000007a9e00000, 0x00000007c0000000)
  eden space 816128K, 0% used [0x000000076b380000,0x000000076b380000,0x000000079d080000)
  from space 35840K, 27% used [0x000000079d080000,0x000000079da12f80,0x000000079f380000)
  to   space 34816K, 0% used [0x00000007a7c00000,0x00000007a7c00000,0x00000007a9e00000)
 ParOldGen       total 194048K, used 83743K [0x00000006c1a00000, 0x00000006cd780000, 0x000000076b380000)
  object space 194048K, 43% used [0x00000006c1a00000,0x00000006c6bc7f10,0x00000006cd780000)
 Metaspace       used 44120K, capacity 59115K, committed 59160K, reserved 1091584K
  class space    used 11137K, capacity 16559K, committed 16560K, reserved 1048576K
Event: 11.425 GC heap after
Heap after GC invocations=16 (full 3):
 PSYoungGen      total 851968K, used 0K [0x000000076b380000, 0x00000007a9e00000, 0x00000007c0000000)
  eden space 816128K, 0% used [0x000000076b380000,0x000000076b380000,0x000000079d080000)
  from space 35840K, 0% used [0x000000079d080000,0x000000079d080000,0x000000079f380000)
  to   space 34816K, 0% used [0x00000007a7c00000,0x00000007a7c00000,0x00000007a9e00000)
 ParOldGen       total 292352K, used 61459K [0x00000006c1a00000, 0x00000006d3780000, 0x000000076b380000)
  object space 292352K, 21% used [0x00000006c1a00000,0x00000006c5604f58,0x00000006d3780000)
 Metaspace       used 44120K, capacity 59115K, committed 59160K, reserved 1091584K
  class space    used 11137K, capacity 16559K, committed 16560K, reserved 1048576K
}
Event: 14.931 GC heap before
{Heap before GC invocations=17 (full 3):
 PSYoungGen      total 851968K, used 816128K [0x000000076b380000, 0x00000007a9e00000, 0x00000007c0000000)
  eden space 816128K, 100% used [0x000000076b380000,0x000000079d080000,0x000000079d080000)
  from space 35840K, 0% used [0x000000079d080000,0x000000079d080000,0x000000079f380000)
  to   space 34816K, 0% used [0x00000007a7c00000,0x00000007a7c00000,0x00000007a9e00000)
 ParOldGen       total 292352K, used 61459K [0x00000006c1a00000, 0x00000006d3780000, 0x000000076b380000)
  object space 292352K, 21% used [0x00000006c1a00000,0x00000006c5604f58,0x00000006d3780000)
 Metaspace       used 56195K, capacity 80365K, committed 80552K, reserved 1105920K
  class space    used 15302K, capacity 23688K, committed 23728K, reserved 1048576K
Event: 14.940 GC heap after
Heap after GC invocations=17 (full 3):
 PSYoungGen      total 970240K, used 9021K [0x000000076b380000, 0x00000007a9280000, 0x00000007c0000000)
  eden space 947200K, 0% used [0x000000076b380000,0x000000076b380000,0x00000007a5080000)
  from space 23040K, 39% used [0x00000007a7c00000,0x00000007a84cf6d8,0x00000007a9280000)
  to   space 33792K, 0% used [0x00000007a5080000,0x00000007a5080000,0x00000007a7180000)
 ParOldGen       total 292352K, used 61467K [0x00000006c1a00000, 0x00000006d3780000, 0x000000076b380000)
  object space 292352K, 21% used [0x00000006c1a00000,0x00000006c5606f58,0x00000006d3780000)
 Metaspace       used 56195K, capacity 80365K, committed 80552K, reserved 1105920K
  class space    used 15302K, capacity 23688K, committed 23728K, reserved 1048576K
}
Event: 18.206 GC heap before
{Heap before GC invocations=18 (full 3):
 PSYoungGen      total 970240K, used 956221K [0x000000076b380000, 0x00000007a9280000, 0x00000007c0000000)
  eden space 947200K, 100% used [0x000000076b380000,0x00000007a5080000,0x00000007a5080000)
  from space 23040K, 39% used [0x00000007a7c00000,0x00000007a84cf6d8,0x00000007a9280000)
  to   space 33792K, 0% used [0x00000007a5080000,0x00000007a5080000,0x00000007a7180000)
 ParOldGen       total 292352K, used 61467K [0x00000006c1a00000, 0x00000006d3780000, 0x000000076b380000)
  object space 292352K, 21% used [0x00000006c1a00000,0x00000006c5606f58,0x00000006d3780000)
 Metaspace       used 66663K, capacity 98479K, committed 98600K, reserved 1118208K
  class space    used 18520K, capacity 29353K, committed 29360K, reserved 1048576K
Event: 18.218 GC heap after
Heap after GC invocations=18 (full 3):
 PSYoungGen      total 980992K, used 14285K [0x000000076b380000, 0x00000007b0b00000, 0x00000007c0000000)
  eden space 947200K, 0% used [0x000000076b380000,0x000000076b380000,0x00000007a5080000)
  from space 33792K, 42% used [0x00000007a5080000,0x00000007a5e734b0,0x00000007a7180000)
  to   space 31744K, 0% used [0x00000007aec00000,0x00000007aec00000,0x00000007b0b00000)
 ParOldGen       total 292352K, used 61483K [0x00000006c1a00000, 0x00000006d3780000, 0x000000076b380000)
  object space 292352K, 21% used [0x00000006c1a00000,0x00000006c560af58,0x00000006d3780000)
 Metaspace       used 66663K, capacity 98479K, committed 98600K, reserved 1118208K
  class space    used 18520K, capacity 29353K, committed 29360K, reserved 1048576K
}
Event: 18.224 GC heap before
{Heap before GC invocations=19 (full 3):
 PSYoungGen      total 980992K, used 28836K [0x000000076b380000, 0x00000007b0b00000, 0x00000007c0000000)
  eden space 947200K, 1% used [0x000000076b380000,0x000000076c1b5bf0,0x00000007a5080000)
  from space 33792K, 42% used [0x00000007a5080000,0x00000007a5e734b0,0x00000007a7180000)
  to   space 31744K, 0% used [0x00000007aec00000,0x00000007aec00000,0x00000007b0b00000)
 ParOldGen       total 292352K, used 61483K [0x00000006c1a00000, 0x00000006d3780000, 0x000000076b380000)
  object space 292352K, 21% used [0x00000006c1a00000,0x00000006c560af58,0x00000006d3780000)
 Metaspace       used 66698K, capacity 98557K, committed 98600K, reserved 1118208K
  class space    used 18526K, capacity 29359K, committed 29360K, reserved 1048576K
Event: 18.234 GC heap after
Heap after GC invocations=19 (full 3):
 PSYoungGen      total 1107968K, used 13968K [0x000000076b380000, 0x00000007bfb00000, 0x00000007c0000000)
  eden space 1076224K, 0% used [0x000000076b380000,0x000000076b380000,0x00000007ace80000)
  from space 31744K, 44% used [0x00000007aec00000,0x00000007af9a4020,0x00000007b0b00000)
  to   space 30208K, 0% used [0x00000007ace80000,0x00000007ace80000,0x00000007aec00000)
 ParOldGen       total 292352K, used 61491K [0x00000006c1a00000, 0x00000006d3780000, 0x000000076b380000)
  object space 292352K, 21% used [0x00000006c1a00000,0x00000006c560cf58,0x00000006d3780000)
 Metaspace       used 66698K, capacity 98557K, committed 98600K, reserved 1118208K
  class space    used 18526K, capacity 29359K, committed 29360K, reserved 1048576K
}
Event: 18.234 GC heap before
{Heap before GC invocations=20 (full 4):
 PSYoungGen      total 1107968K, used 13968K [0x000000076b380000, 0x00000007bfb00000, 0x00000007c0000000)
  eden space 1076224K, 0% used [0x000000076b380000,0x000000076b380000,0x00000007ace80000)
  from space 31744K, 44% used [0x00000007aec00000,0x00000007af9a4020,0x00000007b0b00000)
  to   space 30208K, 0% used [0x00000007ace80000,0x00000007ace80000,0x00000007aec00000)
 ParOldGen       total 292352K, used 61491K [0x00000006c1a00000, 0x00000006d3780000, 0x000000076b380000)
  object space 292352K, 21% used [0x00000006c1a00000,0x00000006c560cf58,0x00000006d3780000)
 Metaspace       used 66698K, capacity 98557K, committed 98600K, reserved 1118208K
  class space    used 18526K, capacity 29359K, committed 29360K, reserved 1048576K
Event: 18.330 GC heap after
Heap after GC invocations=20 (full 4):
 PSYoungGen      total 1107968K, used 0K [0x000000076b380000, 0x00000007bfb00000, 0x00000007c0000000)
  eden space 1076224K, 0% used [0x000000076b380000,0x000000076b380000,0x00000007ace80000)
  from space 31744K, 0% used [0x00000007aec00000,0x00000007aec00000,0x00000007b0b00000)
  to   space 30208K, 0% used [0x00000007ace80000,0x00000007ace80000,0x00000007aec00000)
 ParOldGen       total 329216K, used 69673K [0x00000006c1a00000, 0x00000006d5b80000, 0x000000076b380000)
  object space 329216K, 21% used [0x00000006c1a00000,0x00000006c5e0a6f0,0x00000006d5b80000)
 Metaspace       used 66698K, capacity 98557K, committed 98600K, reserved 1118208K
  class space    used 18526K, capacity 29359K, committed 29360K, reserved 1048576K
}

Deoptimization events (10 events):
Event: 19.774 Thread 0x0000000020f5b800 Uncommon trap: reason=bimorphic action=maybe_recompile pc=0x000000000279cdbc method=clojure.lang.PersistentList$1.doInvoke(Ljava/lang/Object;)Ljava/lang/Object; @ 71
Event: 19.774 Thread 0x0000000020f5b800 Uncommon trap: reason=bimorphic action=maybe_recompile pc=0x000000000279cdbc method=clojure.lang.PersistentList$1.doInvoke(Ljava/lang/Object;)Ljava/lang/Object; @ 71
Event: 19.793 Thread 0x0000000020f5b800 Uncommon trap: reason=class_check action=maybe_recompile pc=0x0000000003636638 method=clojure.lang.RT.toArray(Ljava/lang/Object;)[Ljava/lang/Object; @ 16
Event: 19.793 Thread 0x0000000020f5b800 Uncommon trap: reason=class_check action=maybe_recompile pc=0x0000000003636638 method=clojure.lang.RT.toArray(Ljava/lang/Object;)[Ljava/lang/Object; @ 16
Event: 26.707 Thread 0x0000000020f5b800 Uncommon trap: reason=class_check action=maybe_recompile pc=0x0000000002714140 method=clojure.lang.RT.toArray(Ljava/lang/Object;)[Ljava/lang/Object; @ 16
Event: 26.709 Thread 0x0000000020f5b800 Uncommon trap: reason=bimorphic action=maybe_recompile pc=0x000000000279cdbc method=clojure.lang.PersistentList$1.doInvoke(Ljava/lang/Object;)Ljava/lang/Object; @ 71
Event: 26.716 Thread 0x0000000020f5b800 Uncommon trap: reason=class_check action=maybe_recompile pc=0x0000000002944c3c method=clojure.lang.Numbers$LongOps.inc(Ljava/lang/Number;)Ljava/lang/Number; @ 1
Event: 26.716 Thread 0x0000000020f5b800 Uncommon trap: reason=unstable_if action=reinterpret pc=0x00000000037778b0 method=clojure.lang.PersistentTreeMap.add(Lclojure/lang/PersistentTreeMap$Node;Ljava/lang/Object;Ljava/lang/Object;Lclojure/lang/Box;)Lclojure/lang/PersistentTreeMap$Node; @ 40
Event: 26.716 Thread 0x0000000020f5b800 Uncommon trap: reason=unstable_if action=reinterpret pc=0x0000000003ce6d94 method=clojure.lang.PersistentTreeMap.assoc(Ljava/lang/Object;Ljava/lang/Object;)Lclojure/lang/PersistentTreeMap; @ 24
Event: 26.717 Thread 0x0000000020f5b800 Uncommon trap: reason=unstable_if action=reinterpret pc=0x0000000003457964 method=clojure.lang.PersistentTreeMap.assoc(Ljava/lang/Object;Ljava/lang/Object;)Lclojure/lang/PersistentTreeMap; @ 24

Internal exceptions (10 events):
Event: 14.072 Thread 0x0000000020f5b800 Implicit null exception at 0x00000000025a58ec to 0x00000000025a6325
Event: 14.442 Thread 0x0000000020f5b800 Implicit null exception at 0x00000000034361a0 to 0x0000000003438971
Event: 14.542 Thread 0x0000000020f5b800 Implicit null exception at 0x0000000003996799 to 0x000000000399badd
Event: 15.402 Thread 0x0000000020f5b800 Implicit null exception at 0x00000000033609cf to 0x000000000336454d
Event: 16.170 Thread 0x0000000020f5b800 Implicit null exception at 0x0000000002b60fcc to 0x0000000002b61052
Event: 16.238 Thread 0x0000000020f5b800 Implicit null exception at 0x00000000025b7159 to 0x00000000025b95ed
Event: 16.368 Thread 0x0000000020f5b800 Implicit null exception at 0x000000000313cbe7 to 0x000000000313e0ed
Event: 17.502 Thread 0x0000000020f5b800 Implicit null exception at 0x00000000033030cc to 0x00000000033030f9
Event: 26.716 Thread 0x0000000020f5b800 Implicit null exception at 0x0000000003ce6c69 to 0x0000000003ce6d88
Event: 26.717 Thread 0x0000000020f5b800 Implicit null exception at 0x0000000003457829 to 0x0000000003457959

Events (10 events):
Event: 26.716 Thread 0x0000000020f5b800 DEOPT UNPACKING pc=0x000000000246582a sp=0x000000002811e278 mode 2
Event: 26.716 Thread 0x0000000020f5b800 Uncommon trap: trap_request=0xffffff65 fr.pc=0x00000000037778b0
Event: 26.716 Thread 0x0000000020f5b800 DEOPT PACKING pc=0x00000000037778b0 sp=0x000000002811e100
Event: 26.716 Thread 0x0000000020f5b800 DEOPT UNPACKING pc=0x000000000246582a sp=0x000000002811e0b0 mode 2
Event: 26.716 Thread 0x0000000020f5b800 Uncommon trap: trap_request=0xffffff65 fr.pc=0x0000000003ce6d94
Event: 26.716 Thread 0x0000000020f5b800 DEOPT PACKING pc=0x0000000003ce6d94 sp=0x000000002811e170
Event: 26.716 Thread 0x0000000020f5b800 DEOPT UNPACKING pc=0x000000000246582a sp=0x000000002811e0a0 mode 2
Event: 26.717 Thread 0x0000000020f5b800 Uncommon trap: trap_request=0xffffff65 fr.pc=0x0000000003457964
Event: 26.717 Thread 0x0000000020f5b800 DEOPT PACKING pc=0x0000000003457964 sp=0x000000002811e0f0
Event: 26.717 Thread 0x0000000020f5b800 DEOPT UNPACKING pc=0x000000000246582a sp=0x000000002811e0a0 mode 2


Dynamic libraries:
0x00007ff60d270000 - 0x00007ff60d2a7000 	C:\Program Files\Java\jdk1.8.0_60\bin\java.exe
0x00007ffb012b0000 - 0x00007ffb01471000 	C:\WINDOWS\SYSTEM32\ntdll.dll
0x00007ffb00380000 - 0x00007ffb0042d000 	C:\WINDOWS\system32\KERNEL32.DLL
0x00007ffafd9f0000 - 0x00007ffafdbd8000 	C:\WINDOWS\system32\KERNELBASE.dll
0x00007ffb00bb0000 - 0x00007ffb00c57000 	C:\WINDOWS\system32\ADVAPI32.dll
0x00007ffafe950000 - 0x00007ffafe9ed000 	C:\WINDOWS\system32\msvcrt.dll
0x00007ffafe6b0000 - 0x00007ffafe70b000 	C:\WINDOWS\system32\sechost.dll
0x00007ffafe820000 - 0x00007ffafe93c000 	C:\WINDOWS\system32\RPCRT4.dll
0x00007ffb01150000 - 0x00007ffb012a6000 	C:\WINDOWS\system32\USER32.dll
0x00007ffb00c60000 - 0x00007ffb00de6000 	C:\WINDOWS\system32\GDI32.dll
0x00007ffaf8b70000 - 0x00007ffaf8de4000 	C:\WINDOWS\WinSxS\amd64_microsoft.windows.common-controls_6595b64144ccf1df_6.0.10586.0_none_8c15ae12515e1c22\COMCTL32.dll
0x00007ffb00ea0000 - 0x00007ffb0111d000 	C:\WINDOWS\system32\combase.dll
0x00007ffafdc90000 - 0x00007ffafdcfa000 	C:\WINDOWS\system32\bcryptPrimitives.dll
0x00007ffb00e60000 - 0x00007ffb00e9b000 	C:\WINDOWS\system32\IMM32.DLL
0x00000000635a0000 - 0x0000000063672000 	C:\Program Files\Java\jdk1.8.0_60\jre\bin\msvcr100.dll
0x0000000062d10000 - 0x0000000063599000 	C:\Program Files\Java\jdk1.8.0_60\jre\bin\server\jvm.dll
0x00007ffb01140000 - 0x00007ffb01148000 	C:\WINDOWS\system32\PSAPI.DLL
0x00007ffafc130000 - 0x00007ffafc139000 	C:\WINDOWS\SYSTEM32\WSOCK32.dll
0x00007ffaf97f0000 - 0x00007ffaf97fa000 	C:\WINDOWS\SYSTEM32\VERSION.dll
0x00007ffafbad0000 - 0x00007ffafbaf3000 	C:\WINDOWS\SYSTEM32\WINMM.dll
0x00007ffb007b0000 - 0x00007ffb0081b000 	C:\WINDOWS\system32\WS2_32.dll
0x00000000009c0000 - 0x00000000009ec000 	C:\WINDOWS\SYSTEM32\WINMMBASE.dll
0x00007ffafe3b0000 - 0x00007ffafe3f3000 	C:\WINDOWS\system32\cfgmgr32.dll
0x0000000063700000 - 0x000000006370f000 	C:\Program Files\Java\jdk1.8.0_60\jre\bin\verify.dll
0x00000000636d0000 - 0x00000000636f9000 	C:\Program Files\Java\jdk1.8.0_60\jre\bin\java.dll
0x00000000636b0000 - 0x00000000636c6000 	C:\Program Files\Java\jdk1.8.0_60\jre\bin\zip.dll
0x00007ffafe9f0000 - 0x00007ffafff4f000 	C:\WINDOWS\system32\SHELL32.dll
0x00007ffafdd60000 - 0x00007ffafe3a4000 	C:\WINDOWS\system32\windows.storage.dll
0x00007ffb00b40000 - 0x00007ffb00b92000 	C:\WINDOWS\system32\shlwapi.dll
0x00007ffafd900000 - 0x00007ffafd90f000 	C:\WINDOWS\system32\kernel.appcore.dll
0x00007ffafe400000 - 0x00007ffafe4b5000 	C:\WINDOWS\system32\shcore.dll
0x00007ffafd910000 - 0x00007ffafd95b000 	C:\WINDOWS\system32\powrprof.dll
0x00007ffafd8d0000 - 0x00007ffafd8e4000 	C:\WINDOWS\system32\profapi.dll
0x0000000062cf0000 - 0x0000000062d0a000 	C:\Program Files\Java\jdk1.8.0_60\jre\bin\net.dll
0x00007ffafd200000 - 0x00007ffafd25c000 	C:\WINDOWS\system32\mswsock.dll
0x0000000062b50000 - 0x0000000062ce8000 	C:\Program Files\Java\jdk1.8.0_60\jre\bin\awt.dll
0x00007ffb00590000 - 0x00007ffb00651000 	C:\WINDOWS\system32\OLEAUT32.dll
0x00007ffafc080000 - 0x00007ffafc0f9000 	C:\WINDOWS\system32\apphelp.dll
0x00007ffafc340000 - 0x00007ffafc3ea000 	C:\WINDOWS\SYSTEM32\DNSAPI.dll
0x00007ffafe940000 - 0x00007ffafe948000 	C:\WINDOWS\system32\NSI.dll
0x00007ffaf2910000 - 0x00007ffaf291a000 	C:\Windows\System32\rasadhlp.dll
0x00007ffaf8850000 - 0x00007ffaf88b7000 	C:\WINDOWS\System32\fwpuclnt.dll
0x00007ffafd4d0000 - 0x00007ffafd4f9000 	C:\WINDOWS\SYSTEM32\bcrypt.dll
0x00007ffafd2b0000 - 0x00007ffafd2c7000 	C:\WINDOWS\SYSTEM32\CRYPTSP.dll
0x00007ffafcf40000 - 0x00007ffafcf74000 	C:\WINDOWS\system32\rsaenh.dll
0x00007ffafd090000 - 0x00007ffafd0af000 	C:\WINDOWS\SYSTEM32\USERENV.dll
0x00007ffafd3d0000 - 0x00007ffafd3db000 	C:\WINDOWS\SYSTEM32\CRYPTBASE.dll
0x00007ffafa4b0000 - 0x00007ffafa4e8000 	C:\WINDOWS\SYSTEM32\IPHLPAPI.DLL
0x00007ffaf9d20000 - 0x00007ffaf9d36000 	C:\WINDOWS\SYSTEM32\dhcpcsvc6.DLL
0x00007ffafa3c0000 - 0x00007ffafa3da000 	C:\WINDOWS\SYSTEM32\dhcpcsvc.DLL
0x0000000062b30000 - 0x0000000062b41000 	C:\Program Files\Java\jdk1.8.0_60\jre\bin\nio.dll
0x00007ffadbef0000 - 0x00007ffadbf51000 	C:\Users\Nebojsa\AppData\Local\Temp\JOCL_0_2_0-windows-x86_64.dll
0x00007ffaf3b80000 - 0x00007ffaf3b9a000 	C:\WINDOWS\SYSTEM32\OpenCL.dll
0x00007ffadbe80000 - 0x00007ffadbee7000 	C:\WINDOWS\SYSTEM32\IntelOpenCL64.dll
0x00007ffad3000000 - 0x00007ffad31bd000 	C:\Program Files (x86)\Common Files\Intel\OpenCL\bin\x64\intelocl64.dll
0x00007ffad36e0000 - 0x00007ffad377d000 	C:\Program Files (x86)\Common Files\Intel\OpenCL\bin\x64\task_executor64.dll
0x00007ffad5500000 - 0x00007ffad5629000 	C:\WINDOWS\SYSTEM32\OPENGL32.dll
0x00007ffad52f0000 - 0x00007ffad531e000 	C:\WINDOWS\SYSTEM32\GLU32.dll
0x00007ffad5030000 - 0x00007ffad512a000 	C:\WINDOWS\SYSTEM32\DDRAW.dll
0x00007ffad57a0000 - 0x00007ffad57a8000 	C:\WINDOWS\SYSTEM32\DCIMAN32.dll
0x00007ffad2ce0000 - 0x00007ffad2db8000 	C:\Program Files (x86)\Common Files\Intel\OpenCL\bin\x64\cpu_device64.dll
0x00007ffad1210000 - 0x00007ffad165d000 	C:\WINDOWS\SYSTEM32\igdrcl64.dll
0x00007ffafae70000 - 0x00007ffafaf12000 	C:\WINDOWS\SYSTEM32\dxgi.dll
0x00007ffad2bb0000 - 0x00007ffad2ce0000 	C:\WINDOWS\SYSTEM32\igdfcl64.dll
0x00007ffadd520000 - 0x00007ffadd6ac000 	C:\WINDOWS\SYSTEM32\dbghelp.dll
0x00007ffac6c40000 - 0x00007ffac7185000 	C:\WINDOWS\SYSTEM32\igdmcl64.dll
0x00007ffad11a0000 - 0x00007ffad120d000 	C:\WINDOWS\SYSTEM32\igdbcl64.dll
0x00007ffaf75c0000 - 0x00007ffaf7fc2000 	C:\WINDOWS\SYSTEM32\igdusc64.dll
0x00007ffabf500000 - 0x00007ffac04e2000 	C:\WINDOWS\System32\nvopencl.dll
0x00007ffafff50000 - 0x00007ffb00379000 	C:\WINDOWS\system32\SETUPAPI.dll
0x00007ffafc1a0000 - 0x00007ffafc236000 	C:\WINDOWS\system32\uxtheme.dll
0x00007ffaf6fe0000 - 0x00007ffaf7371000 	C:\WINDOWS\system32\nvapi64.dll
0x00007ffb00660000 - 0x00007ffb007a3000 	C:\WINDOWS\system32\ole32.dll
0x00007ffafc2f0000 - 0x00007ffafc317000 	C:\WINDOWS\SYSTEM32\DEVOBJ.dll
0x00007ffafdd00000 - 0x00007ffafdd55000 	C:\WINDOWS\system32\WINTRUST.dll
0x00007ffafd8f0000 - 0x00007ffafd900000 	C:\WINDOWS\system32\MSASN1.dll
0x00007ffafe4e0000 - 0x00007ffafe6a7000 	C:\WINDOWS\system32\CRYPT32.dll
0x00007ffabbdb0000 - 0x00007ffabd97d000 	C:\WINDOWS\SYSTEM32\common_clang64.dll

VM Arguments:
jvm_args: -Dfile.encoding=UTF-8 -Dclojure.compile.path=F:\DoktorskeFON\1Semestar\Clojure\clo\target\classes -Dclo.version=0.1.0-SNAPSHOT -Dclojure.debug=false 
java_command: clojure.main -i C:\Users\Nebojsa\AppData\Local\Temp\form-init1125455652794072605.clj
java_class_path (initial): F:\DoktorskeFON\1Semestar\Clojure\clo\test;F:\DoktorskeFON\1Semestar\Clojure\clo\src;F:\DoktorskeFON\1Semestar\Clojure\clo\dev-resources;F:\DoktorskeFON\1Semestar\Clojure\clo\resources;F:\DoktorskeFON\1Semestar\Clojure\clo\target\classes;C:\Users\Nebojsa\.m2\repository\com\outpace\config\0.9.0\config-0.9.0.jar;C:\Users\Nebojsa\.m2\repository\org\clojure\tools.nrepl\0.2.10\tools.nrepl-0.2.10.jar;C:\Users\Nebojsa\.m2\repository\org\clojure\tools.analyzer\0.1.0-beta12\tools.analyzer-0.1.0-beta12.jar;C:\Users\Nebojsa\.m2\repository\org\tcrawley\dynapath\0.2.3\dynapath-0.2.3.jar;C:\Users\Nebojsa\.m2\repository\net\cgrand\regex\1.1.0\regex-1.1.0.jar;C:\Users\Nebojsa\.m2\repository\swiss-arrows\swiss-arrows\1.0.0\swiss-arrows-1.0.0.jar;C:\Users\Nebojsa\.m2\repository\gui-diff\gui-diff\0.5.0\gui-diff-0.5.0.jar;C:\Users\Nebojsa\.m2\repository\clojure-complete\clojure-complete\0.2.3\clojure-complete-0.2.3.jar;C:\Users\Nebojsa\.m2\repository\org\clojure\tools.analyzer.jvm\0.1.0-beta12\tools.analyzer.jvm-0.1.0-beta12.jar;C:\Users\Nebojsa\.m2\repository\org\clojars\trptcolin\sjacket\0.1.3\sjacket-0.1.3.jar;C:\Users\Nebojsa\.m2\repository\org\clojure\core.cache\0.6.3\core.cache-0.6.3.jar;C:\Users\Nebojsa\.m2\repository\dynapath\dynapath\0.2.0\dynapath-0.2.0.jar;C:\Users\Nebojsa\.m2\repository\org\clojure\tools.macro\0.1.5\tools.macro-0.1.5.jar;C:\Users\Nebojsa\.m2\repository\utilize\utilize\0.2.3\utilize-0.2.3.jar;C:\Users\Nebojsa\.m2\repository\slingshot\slingshot\0.10.3\slingshot-0.10.3.jar;C:\Users\Nebojsa\.m2\repository\commons-codec\commons-codec\1.9\commons-codec-1.9.jar;C:\Users\Nebojsa\.m2\repository\clj-tuple\clj-tuple\0.1.4\clj-tuple-0.1.4.jar;C:\Users\Nebojsa\.m2\repository\joda-time\joda-time\2.0\joda-time-2.0.jar;C:\Users\Nebojsa\.m2\repository\uncomplicate\clojurecl\0.1.2\clojurecl-0.1.2.jar;C:\Users\Nebojsa\.m2\repository\cider\cider-nrepl\0.9.0\cider-nrepl-0.9.0.jar;C:\Users\Nebojsa\.m2\repository\org\jocl\jocl\0.2.0-RC00\jocl-0.2.0-RC
Launcher Type: SUN_STANDARD

Environment Variables:
PATH=C:/Program Files/Java/jre1.8.0_71/bin/server;C:/Program Files/Java/jre1.8.0_71/bin;C:/Program Files/Java/jre1.8.0_71/lib/amd64;C:\ProgramData\Oracle\Java\javapath;C:\Program Files\NVIDIA GPU Computing Toolkit\CUDA\v7.5\bin;C:\Program Files\NVIDIA GPU Computing Toolkit\CUDA\v7.5\libnvvp;C:\Program Files (x86)\Intel\iCLS Client\;C:\Program Files\Intel\iCLS Client\;C:\Windows\system32;C:\Windows;C:\Windows\System32\Wbem;C:\Windows\System32\WindowsPowerShell\v1.0\;C:\Program Files\Intel\Intel(R) Management Engine Components\DAL;C:\Program Files (x86)\Intel\Intel(R) Management Engine Components\DAL;C:\Program Files\Intel\Intel(R) Management Engine Components\IPT;C:\Program Files (x86)\Intel\Intel(R) Management Engine Components\IPT;C:\Program Files\Intel\WiFi\bin\;C:\Program Files\Common Files\Intel\WirelessCommon\;c:\Program Files (x86)\Microsoft SQL Server\100\Tools\Binn\;c:\Program Files\Microsoft SQL Server\100\Tools\Binn\;c:\Program Files\Microsoft SQL Server\100\DTS\Binn\;C:\Program Files\Microsoft SQL Server\120\DTS\Binn\;C:\Program Files\Microsoft SQL Server\Client SDK\ODBC\110\Tools\Binn\;C:\Program Files (x86)\Microsoft SQL Server\120\Tools\Binn\;C:\Program Files\Microsoft SQL Server\120\Tools\Binn\;C:\Program Files (x86)\Microsoft SQL Server\120\Tools\Binn\ManagementStudio\;C:\Program Files (x86)\Microsoft SQL Server\120\DTS\Binn\;C:\Program Files (x86)\Common Files\Easysoft\Shared\;C:\Program Files\Common Files\Easysoft\Shared\;C:\Program Files (x86)\NVIDIA Corporation\PhysX\Common;C:\WINDOWS\system32;C:\WINDOWS;C:\WINDOWS\System32\Wbem;C:\WINDOWS\System32\WindowsPowerShell\v1.0\;C:\WINDOWS\system32;C:\WINDOWS;C:\WINDOWS\System32\Wbem;C:\WINDOWS\System32\WindowsPowerShell\v1.0\;C:\Program Files (x86)\Skype\Phone\;C:\Program Files (x86)\EaseUS\Todo Backup\bin\x64\;C:\FON\counterclockwise-0.34.0.STABLE001;
USERNAME=Nebojsa
OS=Windows_NT
PROCESSOR_IDENTIFIER=Intel64 Family 6 Model 60 Stepping 3, GenuineIntel



---------------  S Y S T E M  ---------------

OS: Windows 10.0 , 64 bit Build 10586 (10.0.10586.0)

CPU:total 8 (4 cores per cpu, 2 threads per core) family 6 model 60 stepping 3, cmov, cx8, fxsr, mmx, sse, sse2, sse3, ssse3, sse4.1, sse4.2, popcnt, avx, avx2, aes, clmul, erms, lzcnt, ht, tsc, tscinvbit, bmi1, bmi2

Memory: 4k page, physical 16663636k(10692464k free), swap 19154004k(9755612k free)

vm_info: Java HotSpot(TM) 64-Bit Server VM (25.60-b23) for windows-amd64 JRE (1.8.0_60-b27), built on Aug  4 2015 11:06:27 by "java_re" with MS VC++ 10.0 (VS2010)

time: Mon Feb 08 01:20:16 2016
elapsed time: 26 seconds (0d 0h 0m 26s)

