#
# A fatal error has been detected by the Java Runtime Environment:
#
#  EXCEPTION_ACCESS_VIOLATION (0xc0000005) at pc=0x00007ffadbef2b09, pid=8696, tid=4968
#
# JRE version: Java(TM) SE Runtime Environment (8.0_60-b27) (build 1.8.0_60-b27)
# Java VM: Java HotSpot(TM) 64-Bit Server VM (25.60-b23 mixed mode windows-amd64 compressed oops)
# Problematic frame:
# C  [JOCL_0_2_0-windows-x86_64.dll+0x2b09]
#
# Failed to write core dump. Minidumps are not enabled by default on client versions of Windows
#
# If you would like to submit a bug report, please visit:
#   http://bugreport.java.com/bugreport/crash.jsp
# The crash happened outside the Java Virtual Machine in native code.
# See problematic frame for where to report the bug.
#

---------------  T H R E A D  ---------------

Current thread (0x000000001fe13000):  JavaThread "nREPL-worker-2" daemon [_thread_in_native, id=4968, stack(0x000000002ae90000,0x000000002af90000)]

siginfo: ExceptionCode=0xc0000005, reading address 0x000000002c360e68

Registers:
RAX=0x000000002af8db00, RBX=0x000000002c360e40, RCX=0x0000000000000006, RDX=0x00007ffadbf37b90
RSP=0x000000002af8dac0, RBP=0x000000002af8db90, RSI=0x000000002c3e7920, RDI=0x000000001fe131f8
R8 =0x000000002af8d5a8, R9 =0x000000002af8d5a0, R10=0xfffffffffffff000, R11=0x000000002af8d850
R12=0x0000000000000000, R13=0x000000002b40cab0, R14=0x000000002af8dbb0, R15=0x000000001fe13000
RIP=0x00007ffadbef2b09, EFLAGS=0x0000000000010206

Top of Stack: (sp=0x000000002af8dac0)
0x000000002af8dac0:   000000002c360e40 00007ffadbf37b90
0x000000002af8dad0:   000000002af8d5a8 000000002af8d5a0
0x000000002af8dae0:   000000001fe131f8 00007ffadbefa974
0x000000002af8daf0:   0000000000000000 00007ffa00000001
0x000000002af8db00:   0000000000513e90 000000002c3e7920
0x000000002af8db10:   0000000000000b65 0000000002465e34
0x000000002af8db20:   0000000000000138 000000002b40cab0
0x000000002af8db30:   000000002b40d1f8 0000000000000000
0x000000002af8db40:   000000002af8db58 000000002af8dba0
0x000000002af8db50:   000000002af8db50 0000000000000000
0x000000002af8db60:   000000002af8dbb0 000000002b4188d0
0x000000002af8db70:   0000000000000000 000000002b40cab0
0x000000002af8db80:   0000000000000000 000000002af8dbb0
0x000000002af8db90:   000000002af8dbf8 0000000002457730
0x000000002af8dba0:   00000006c512b3c8 000000000245f976
0x000000002af8dbb0:   000000076f508200 000000002af8dbb8 

Instructions: (pc=0x00007ffadbef2b09)
0x00007ffadbef2ae9:   74 65 48 8d 54 24 40 4c 8b c3 e8 58 01 00 00 48
0x00007ffadbef2af9:   8d 15 91 50 04 00 b9 06 00 00 00 e8 07 49 01 00
0x00007ffadbef2b09:   48 8b 53 28 48 85 d2 74 3e 48 8b 12 48 85 d2 74
0x00007ffadbef2b19:   0c 48 8b 07 48 8b cf ff 90 b0 00 00 00 48 8b 43 


Register to memory mapping:

RAX=0x000000002af8db00 is pointing into the stack for thread: 0x000000001fe13000
RBX=0x000000002c360e40 is an unknown value
RCX=0x0000000000000006 is an unknown value
RDX=0x00007ffadbf37b90 is an unknown value
RSP=0x000000002af8dac0 is pointing into the stack for thread: 0x000000001fe13000
RBP=0x000000002af8db90 is pointing into the stack for thread: 0x000000001fe13000
RSI=0x000000002c3e7920 is an unknown value
RDI=0x000000001fe131f8 is an unknown value
R8 =0x000000002af8d5a8 is pointing into the stack for thread: 0x000000001fe13000
R9 =0x000000002af8d5a0 is pointing into the stack for thread: 0x000000001fe13000
R10=0xfffffffffffff000 is an unknown value
R11=0x000000002af8d850 is pointing into the stack for thread: 0x000000001fe13000
R12=0x0000000000000000 is an unknown value
R13={method} {0x000000002b40cab8} 'clReleaseContextNative' '(Lorg/jocl/cl_context;)I' in 'org/jocl/CL'
R14=0x000000002af8dbb0 is pointing into the stack for thread: 0x000000001fe13000
R15=0x000000001fe13000 is a thread


Stack: [0x000000002ae90000,0x000000002af90000],  sp=0x000000002af8dac0,  free space=1014k
Native frames: (J=compiled Java code, j=interpreted, Vv=VM code, C=native code)
C  [JOCL_0_2_0-windows-x86_64.dll+0x2b09]
C  [JOCL_0_2_0-windows-x86_64.dll+0xa974]
C  0x0000000002465e34

Java frames: (J=compiled Java code, j=interpreted, Vv=VM code)
j  org.jocl.CL.clReleaseContextNative(Lorg/jocl/cl_context;)I+0
j  org.jocl.CL.clReleaseContext(Lorg/jocl/cl_context;)I+1
j  uncomplicate.clojurecl.core$eval27022$fn__27023.invoke(Ljava/lang/Object;)Ljava/lang/Object;+5
j  uncomplicate.clojurecl.core$eval27001$fn__27002$G__26992__27007.invoke(Ljava/lang/Object;)Ljava/lang/Object;+45
j  uncomplicate.clojurecl.core$release_seq.invoke(Ljava/lang/Object;)Ljava/lang/Object;+86
j  clo.core$eval27647$fn__27648$fn__27649.invoke()Ljava/lang/Object;+766
j  midje.util.thread_safe_var_nesting$with_altered_roots_STAR_.invoke(Ljava/lang/Object;Ljava/lang/Object;)Ljava/lang/Object;+46
j  clo.core$eval27647$fn__27648.invoke()Ljava/lang/Object;+65
J 7372 C2 clojure.lang.AFn.applyToHelper(Lclojure/lang/IFn;Lclojure/lang/ISeq;)Ljava/lang/Object; (3238 bytes) @ 0x0000000003e271cc [0x0000000003e26760+0xa6c]
J 6068 C2 clojure.lang.AFn.applyTo(Lclojure/lang/ISeq;)Ljava/lang/Object; (12 bytes) @ 0x00000000034d03d4 [0x00000000034d03a0+0x34]
j  clojure.lang.AFunction$1.doInvoke(Ljava/lang/Object;)Ljava/lang/Object;+8
J 7252 C1 clojure.lang.RestFn.invoke()Ljava/lang/Object; (36 bytes) @ 0x00000000038ae58c [0x00000000038ae3c0+0x1cc]
j  midje.checking.facts$check_one$fn__14199.invoke()Ljava/lang/Object;+7
j  midje.checking.facts$check_one.invoke(Ljava/lang/Object;)Ljava/lang/Object;+600
j  midje.checking.facts$creation_time_check.invoke(Ljava/lang/Object;)Ljava/lang/Object;+39
j  clo.core$eval27647.invoke()Ljava/lang/Object;+233
J 6352 C1 clojure.lang.Compiler.eval(Ljava/lang/Object;Z)Ljava/lang/Object; (393 bytes) @ 0x0000000003a8c234 [0x0000000003a86ce0+0x5554]
J 6275 C1 clojure.lang.Compiler.load(Ljava/io/Reader;Ljava/lang/String;Ljava/lang/String;)Ljava/lang/Object; (478 bytes) @ 0x00000000039b3e04 [0x00000000039af640+0x47c4]
j  user$eval27629.invoke()Ljava/lang/Object;+65
J 6352 C1 clojure.lang.Compiler.eval(Ljava/lang/Object;Z)Ljava/lang/Object; (393 bytes) @ 0x0000000003a8c234 [0x0000000003a86ce0+0x5554]
j  clojure.lang.Compiler.eval(Ljava/lang/Object;)Ljava/lang/Object;+2
j  clojure.core$eval.invoke(Ljava/lang/Object;)Ljava/lang/Object;+3
j  clojure.main$repl$read_eval_print__6625$fn__6628.invoke()Ljava/lang/Object;+11
j  clojure.main$repl$read_eval_print__6625.invoke()Ljava/lang/Object;+196
j  clojure.main$repl$fn__6634.invoke()Ljava/lang/Object;+7
j  clojure.main$repl.doInvoke(Ljava/lang/Object;)Ljava/lang/Object;+585
j  clojure.lang.RestFn.invoke(Ljava/lang/Object;Ljava/lang/Object;Ljava/lang/Object;Ljava/lang/Object;Ljava/lang/Object;Ljava/lang/Object;Ljava/lang/Object;Ljava/lang/Object;Ljava/lang/Object;Ljava/lang/Object;Ljava/lang/Object;Ljava/lang/Object;Ljava/lang/Object;Ljava/lang/Object;)Ljava/lang/Object;+259
j  clojure.tools.nrepl.middleware.interruptible_eval$evaluate$fn__630.invoke()Ljava/lang/Object;+273
J 7372 C2 clojure.lang.AFn.applyToHelper(Lclojure/lang/IFn;Lclojure/lang/ISeq;)Ljava/lang/Object; (3238 bytes) @ 0x0000000003e271cc [0x0000000003e26760+0xa6c]
J 6068 C2 clojure.lang.AFn.applyTo(Lclojure/lang/ISeq;)Ljava/lang/Object; (12 bytes) @ 0x00000000034d03d4 [0x00000000034d03a0+0x34]
J 4078 C2 clojure.core$apply.invoke(Ljava/lang/Object;Ljava/lang/Object;)Ljava/lang/Object; (32 bytes) @ 0x0000000002588164 [0x0000000002588080+0xe4]
J 6919 C1 clojure.core$with_bindings_STAR_.doInvoke(Ljava/lang/Object;Ljava/lang/Object;Ljava/lang/Object;)Ljava/lang/Object; (81 bytes) @ 0x00000000034bf644 [0x00000000034bf140+0x504]
J 5022 C2 clojure.lang.RestFn.invoke(Ljava/lang/Object;Ljava/lang/Object;)Ljava/lang/Object; (119 bytes) @ 0x000000000321f890 [0x000000000321f6c0+0x1d0]
j  clojure.tools.nrepl.middleware.interruptible_eval$evaluate.invoke(Ljava/lang/Object;Ljava/lang/Object;)Ljava/lang/Object;+616
j  clojure.tools.nrepl.middleware.interruptible_eval$interruptible_eval$fn__672$fn__675.invoke()Ljava/lang/Object;+105
j  clojure.tools.nrepl.middleware.interruptible_eval$run_next$fn__667.invoke()Ljava/lang/Object;+7
j  clojure.lang.AFn.run()V+1
j  java.util.concurrent.ThreadPoolExecutor.runWorker(Ljava/util/concurrent/ThreadPoolExecutor$Worker;)V+95
j  java.util.concurrent.ThreadPoolExecutor$Worker.run()V+5
j  java.lang.Thread.run()V+11
v  ~StubRoutines::call_stub

---------------  P R O C E S S  ---------------

Java Threads: ( => current thread )
=>0x000000001fe13000 JavaThread "nREPL-worker-2" daemon [_thread_in_native, id=4968, stack(0x000000002ae90000,0x000000002af90000)]
  0x000000001fe0e800 JavaThread "clojure.core.async.timers/timeout-daemon" daemon [_thread_blocked, id=12548, stack(0x0000000029f20000,0x000000002a020000)]
  0x00000000253ff800 JavaThread "clojure-agent-send-off-pool-8" [_thread_blocked, id=11016, stack(0x0000000028580000,0x0000000028680000)]
  0x0000000025401000 JavaThread "clojure-agent-send-off-pool-7" [_thread_blocked, id=8900, stack(0x0000000028380000,0x0000000028480000)]
  0x00000000253fd800 JavaThread "clojure-agent-send-off-pool-6" [_thread_in_native, id=3844, stack(0x0000000028280000,0x0000000028380000)]
  0x00000000253fb000 JavaThread "clojure-agent-send-off-pool-5" [_thread_in_native, id=11012, stack(0x0000000028180000,0x0000000028280000)]
  0x00000000253fc800 JavaThread "clojure-agent-send-off-pool-4" [_thread_blocked, id=5472, stack(0x00000000270f0000,0x00000000271f0000)]
  0x00000000253fe000 JavaThread "clojure-agent-send-off-pool-3" [_thread_blocked, id=1944, stack(0x0000000025d80000,0x0000000025e80000)]
  0x0000000025400800 JavaThread "clojure-agent-send-off-pool-2" [_thread_blocked, id=15380, stack(0x0000000025c80000,0x0000000025d80000)]
  0x0000000021adf000 JavaThread "clojure-agent-send-off-pool-1" [_thread_in_native, id=12656, stack(0x00000000229d0000,0x0000000022ad0000)]
  0x0000000021c3b000 JavaThread "clojure-agent-send-off-pool-0" [_thread_blocked, id=16320, stack(0x00000000208d0000,0x00000000209d0000)]
  0x000000001f1bb800 JavaThread "Thread-0" daemon [_thread_in_native, id=10512, stack(0x00000000205d0000,0x00000000206d0000)]
  0x000000001dfe8800 JavaThread "Service Thread" daemon [_thread_blocked, id=13500, stack(0x000000001e920000,0x000000001ea20000)]
  0x000000001df5a000 JavaThread "C1 CompilerThread3" daemon [_thread_blocked, id=14748, stack(0x000000001e820000,0x000000001e920000)]
  0x000000001df4d800 JavaThread "C2 CompilerThread2" daemon [_thread_blocked, id=6764, stack(0x000000001e720000,0x000000001e820000)]
  0x000000001df48800 JavaThread "C2 CompilerThread1" daemon [_thread_blocked, id=13540, stack(0x000000001e620000,0x000000001e720000)]
  0x000000001df57000 JavaThread "C2 CompilerThread0" daemon [_thread_blocked, id=16340, stack(0x000000001e520000,0x000000001e620000)]
  0x000000001df55800 JavaThread "Attach Listener" daemon [_thread_blocked, id=16148, stack(0x000000001e420000,0x000000001e520000)]
  0x000000001df54800 JavaThread "Signal Dispatcher" daemon [_thread_blocked, id=14992, stack(0x000000001e320000,0x000000001e420000)]
  0x000000000244d000 JavaThread "Finalizer" daemon [_thread_blocked, id=7904, stack(0x000000001dd40000,0x000000001de40000)]
  0x0000000002445000 JavaThread "Reference Handler" daemon [_thread_blocked, id=15476, stack(0x000000001dc40000,0x000000001dd40000)]
  0x0000000002353800 JavaThread "main" [_thread_blocked, id=13664, stack(0x0000000002250000,0x0000000002350000)]

Other Threads:
  0x000000001be79000 VMThread [stack: 0x000000001db40000,0x000000001dc40000] [id=6656]
  0x000000001e01a800 WatcherThread [stack: 0x000000001eb00000,0x000000001ec00000] [id=14588]

VM state:not at safepoint (normal execution)

VM Mutex/Monitor currently owned by a thread: None

Heap:
 PSYoungGen      total 1104896K, used 69214K [0x000000076b380000, 0x00000007ba200000, 0x00000007c0000000)
  eden space 1074176K, 6% used [0x000000076b380000,0x000000076f717b20,0x00000007acc80000)
  from space 30720K, 0% used [0x00000007ae900000,0x00000007ae900000,0x00000007b0700000)
  to   space 29184K, 0% used [0x00000007acc80000,0x00000007acc80000,0x00000007ae900000)
 ParOldGen       total 356864K, used 69669K [0x00000006c1a00000, 0x00000006d7680000, 0x000000076b380000)
  object space 356864K, 19% used [0x00000006c1a00000,0x00000006c5e09748,0x00000006d7680000)
 Metaspace       used 67148K, capacity 99397K, committed 99504K, reserved 1120256K
  class space    used 18630K, capacity 29573K, committed 29616K, reserved 1048576K

Card table byte_map: [0x0000000011810000,0x0000000012010000] byte_map_base: 0x000000000e203000

Marking Bits: (ParMarkBitMap*) 0x000000006351a5b0
 Begin Bits: [0x0000000012d60000, 0x0000000016cf8000)
 End Bits:   [0x0000000016cf8000, 0x000000001ac90000)

Polling page: 0x0000000000970000

CodeCache: size=245760Kb used=27376Kb max_used=27399Kb free=218383Kb
 bounds [0x0000000002450000, 0x0000000003f40000, 0x0000000011450000]
 total_blobs=5789 nmethods=5351 adapters=349
 compilation: enabled

Compilation events (10 events):
Event: 58.735 Thread 0x000000001df5a000 nmethod 7517 0x00000000030a3110 code [0x00000000030a3260, 0x00000000030a3370]
Event: 58.739 Thread 0x000000001df4d800 nmethod 7515 0x0000000003231e50 code [0x0000000003232080, 0x0000000003232c48]
Event: 58.808 Thread 0x000000001df5a000 7518       3       clojure.core$number_QMARK_::invoke (19 bytes)
Event: 58.808 Thread 0x000000001df5a000 nmethod 7518 0x0000000002f16250 code [0x0000000002f163c0, 0x0000000002f16670]
Event: 58.809 Thread 0x000000001df5a000 7519       3       clojure.tools.nrepl.bencode$eval67$fn__68::invoke (365 bytes)
Event: 58.810 Thread 0x000000001df5a000 nmethod 7519 0x0000000003f2f110 code [0x0000000003f2f4a0, 0x0000000003f318a8]
Event: 58.810 Thread 0x000000001df5a000 7520   !   3       clojure.lang.Reflector::invokeMatchingMethod (262 bytes)
Event: 58.813 Thread 0x000000001df5a000 nmethod 7520 0x0000000003f32210 code [0x0000000003f32660, 0x0000000003f35078]
Event: 58.813 Thread 0x000000001df5a000 7521       3       clojure.core$juxt$fn__4211::invoke (42 bytes)
Event: 58.814 Thread 0x000000001df5a000 nmethod 7521 0x0000000002fe4450 code [0x0000000002fe4620, 0x0000000002fe4ea8]

GC Heap History (10 events):
Event: 11.295 GC heap before
{Heap before GC invocations=16 (full 3):
 PSYoungGen      total 846848K, used 11992K [0x000000076b380000, 0x00000007a9600000, 0x00000007c0000000)
  eden space 812032K, 0% used [0x000000076b380000,0x000000076b380000,0x000000079cc80000)
  from space 34816K, 34% used [0x000000079cc80000,0x000000079d836128,0x000000079ee80000)
  to   space 33280K, 0% used [0x00000007a7580000,0x00000007a7580000,0x00000007a9600000)
 ParOldGen       total 194048K, used 81696K [0x00000006c1a00000, 0x00000006cd780000, 0x000000076b380000)
  object space 194048K, 42% used [0x00000006c1a00000,0x00000006c69c8038,0x00000006cd780000)
 Metaspace       used 44103K, capacity 59151K, committed 59160K, reserved 1091584K
  class space    used 11131K, capacity 16551K, committed 16560K, reserved 1048576K
Event: 11.516 GC heap after
Heap after GC invocations=16 (full 3):
 PSYoungGen      total 846848K, used 0K [0x000000076b380000, 0x00000007a9600000, 0x00000007c0000000)
  eden space 812032K, 0% used [0x000000076b380000,0x000000076b380000,0x000000079cc80000)
  from space 34816K, 0% used [0x000000079cc80000,0x000000079cc80000,0x000000079ee80000)
  to   space 33280K, 0% used [0x00000007a7580000,0x00000007a7580000,0x00000007a9600000)
 ParOldGen       total 294912K, used 63449K [0x00000006c1a00000, 0x00000006d3a00000, 0x000000076b380000)
  object space 294912K, 21% used [0x00000006c1a00000,0x00000006c57f64f8,0x00000006d3a00000)
 Metaspace       used 44103K, capacity 59151K, committed 59160K, reserved 1091584K
  class space    used 11131K, capacity 16551K, committed 16560K, reserved 1048576K
}
Event: 15.047 GC heap before
{Heap before GC invocations=17 (full 3):
 PSYoungGen      total 846848K, used 812032K [0x000000076b380000, 0x00000007a9600000, 0x00000007c0000000)
  eden space 812032K, 100% used [0x000000076b380000,0x000000079cc80000,0x000000079cc80000)
  from space 34816K, 0% used [0x000000079cc80000,0x000000079cc80000,0x000000079ee80000)
  to   space 33280K, 0% used [0x00000007a7580000,0x00000007a7580000,0x00000007a9600000)
 ParOldGen       total 294912K, used 63449K [0x00000006c1a00000, 0x00000006d3a00000, 0x000000076b380000)
  object space 294912K, 21% used [0x00000006c1a00000,0x00000006c57f64f8,0x00000006d3a00000)
 Metaspace       used 56191K, capacity 80429K, committed 80560K, reserved 1105920K
  class space    used 15303K, capacity 23688K, committed 23728K, reserved 1048576K
Event: 15.055 GC heap after
Heap after GC invocations=17 (full 3):
 PSYoungGen      total 967680K, used 9002K [0x000000076b380000, 0x00000007a8c80000, 0x00000007c0000000)
  eden space 944128K, 0% used [0x000000076b380000,0x000000076b380000,0x00000007a4d80000)
  from space 23552K, 38% used [0x00000007a7580000,0x00000007a7e4a9d0,0x00000007a8c80000)
  to   space 32256K, 0% used [0x00000007a4d80000,0x00000007a4d80000,0x00000007a6d00000)
 ParOldGen       total 294912K, used 63465K [0x00000006c1a00000, 0x00000006d3a00000, 0x000000076b380000)
  object space 294912K, 21% used [0x00000006c1a00000,0x00000006c57fa4f8,0x00000006d3a00000)
 Metaspace       used 56191K, capacity 80429K, committed 80560K, reserved 1105920K
  class space    used 15303K, capacity 23688K, committed 23728K, reserved 1048576K
}
Event: 18.225 GC heap before
{Heap before GC invocations=18 (full 3):
 PSYoungGen      total 967680K, used 953130K [0x000000076b380000, 0x00000007a8c80000, 0x00000007c0000000)
  eden space 944128K, 100% used [0x000000076b380000,0x00000007a4d80000,0x00000007a4d80000)
  from space 23552K, 38% used [0x00000007a7580000,0x00000007a7e4a9d0,0x00000007a8c80000)
  to   space 32256K, 0% used [0x00000007a4d80000,0x00000007a4d80000,0x00000007a6d00000)
 ParOldGen       total 294912K, used 63465K [0x00000006c1a00000, 0x00000006d3a00000, 0x000000076b380000)
  object space 294912K, 21% used [0x00000006c1a00000,0x00000006c57fa4f8,0x00000006d3a00000)
 Metaspace       used 66549K, capacity 98313K, committed 98480K, reserved 1118208K
  class space    used 18491K, capacity 29259K, committed 29360K, reserved 1048576K
Event: 18.236 GC heap after
Heap after GC invocations=18 (full 3):
 PSYoungGen      total 976384K, used 14269K [0x000000076b380000, 0x00000007b0700000, 0x00000007c0000000)
  eden space 944128K, 0% used [0x000000076b380000,0x000000076b380000,0x00000007a4d80000)
  from space 32256K, 44% used [0x00000007a4d80000,0x00000007a5b6f4c0,0x00000007a6d00000)
  to   space 30720K, 0% used [0x00000007ae900000,0x00000007ae900000,0x00000007b0700000)
 ParOldGen       total 294912K, used 63473K [0x00000006c1a00000, 0x00000006d3a00000, 0x000000076b380000)
  object space 294912K, 21% used [0x00000006c1a00000,0x00000006c57fc4f8,0x00000006d3a00000)
 Metaspace       used 66549K, capacity 98313K, committed 98480K, reserved 1118208K
  class space    used 18491K, capacity 29259K, committed 29360K, reserved 1048576K
}
Event: 18.276 GC heap before
{Heap before GC invocations=19 (full 3):
 PSYoungGen      total 976384K, used 28579K [0x000000076b380000, 0x00000007b0700000, 0x00000007c0000000)
  eden space 944128K, 1% used [0x000000076b380000,0x000000076c1799a8,0x00000007a4d80000)
  from space 32256K, 44% used [0x00000007a4d80000,0x00000007a5b6f4c0,0x00000007a6d00000)
  to   space 30720K, 0% used [0x00000007ae900000,0x00000007ae900000,0x00000007b0700000)
 ParOldGen       total 294912K, used 63473K [0x00000006c1a00000, 0x00000006d3a00000, 0x000000076b380000)
  object space 294912K, 21% used [0x00000006c1a00000,0x00000006c57fc4f8,0x00000006d3a00000)
 Metaspace       used 66674K, capacity 98555K, committed 98600K, reserved 1118208K
  class space    used 18524K, capacity 29357K, committed 29360K, reserved 1048576K
Event: 18.286 GC heap after
Heap after GC invocations=19 (full 3):
 PSYoungGen      total 1104896K, used 13968K [0x000000076b380000, 0x00000007ba200000, 0x00000007c0000000)
  eden space 1074176K, 0% used [0x000000076b380000,0x000000076b380000,0x00000007acc80000)
  from space 30720K, 45% used [0x00000007ae900000,0x00000007af6a4020,0x00000007b0700000)
  to   space 29184K, 0% used [0x00000007acc80000,0x00000007acc80000,0x00000007ae900000)
 ParOldGen       total 294912K, used 63481K [0x00000006c1a00000, 0x00000006d3a00000, 0x000000076b380000)
  object space 294912K, 21% used [0x00000006c1a00000,0x00000006c57fe4f8,0x00000006d3a00000)
 Metaspace       used 66674K, capacity 98555K, committed 98600K, reserved 1118208K
  class space    used 18524K, capacity 29357K, committed 29360K, reserved 1048576K
}
Event: 18.286 GC heap before
{Heap before GC invocations=20 (full 4):
 PSYoungGen      total 1104896K, used 13968K [0x000000076b380000, 0x00000007ba200000, 0x00000007c0000000)
  eden space 1074176K, 0% used [0x000000076b380000,0x000000076b380000,0x00000007acc80000)
  from space 30720K, 45% used [0x00000007ae900000,0x00000007af6a4020,0x00000007b0700000)
  to   space 29184K, 0% used [0x00000007acc80000,0x00000007acc80000,0x00000007ae900000)
 ParOldGen       total 294912K, used 63481K [0x00000006c1a00000, 0x00000006d3a00000, 0x000000076b380000)
  object space 294912K, 21% used [0x00000006c1a00000,0x00000006c57fe4f8,0x00000006d3a00000)
 Metaspace       used 66674K, capacity 98555K, committed 98600K, reserved 1118208K
  class space    used 18524K, capacity 29357K, committed 29360K, reserved 1048576K
Event: 18.387 GC heap after
Heap after GC invocations=20 (full 4):
 PSYoungGen      total 1104896K, used 0K [0x000000076b380000, 0x00000007ba200000, 0x00000007c0000000)
  eden space 1074176K, 0% used [0x000000076b380000,0x000000076b380000,0x00000007acc80000)
  from space 30720K, 0% used [0x00000007ae900000,0x00000007ae900000,0x00000007b0700000)
  to   space 29184K, 0% used [0x00000007acc80000,0x00000007acc80000,0x00000007ae900000)
 ParOldGen       total 356864K, used 69669K [0x00000006c1a00000, 0x00000006d7680000, 0x000000076b380000)
  object space 356864K, 19% used [0x00000006c1a00000,0x00000006c5e09748,0x00000006d7680000)
 Metaspace       used 66674K, capacity 98555K, committed 98600K, reserved 1118208K
  class space    used 18524K, capacity 29357K, committed 29360K, reserved 1048576K
}

Deoptimization events (10 events):
Event: 19.833 Thread 0x00000000253ff000 Uncommon trap: reason=bimorphic action=maybe_recompile pc=0x0000000002ec113c method=clojure.lang.PersistentList$1.doInvoke(Ljava/lang/Object;)Ljava/lang/Object; @ 71
Event: 19.833 Thread 0x00000000253ff000 Uncommon trap: reason=bimorphic action=maybe_recompile pc=0x0000000002ec113c method=clojure.lang.PersistentList$1.doInvoke(Ljava/lang/Object;)Ljava/lang/Object; @ 71
Event: 19.849 Thread 0x00000000253ff000 Uncommon trap: reason=null_check action=make_not_entrant pc=0x0000000002c99f44 method=clojure.lang.AFunction$1.doInvoke(Ljava/lang/Object;)Ljava/lang/Object; @ 5
Event: 19.850 Thread 0x00000000253ff000 Uncommon trap: reason=class_check action=maybe_recompile pc=0x0000000002a2d078 method=clojure.lang.RT.toArray(Ljava/lang/Object;)[Ljava/lang/Object; @ 16
Event: 19.850 Thread 0x00000000253ff000 Uncommon trap: reason=class_check action=maybe_recompile pc=0x0000000002a2d078 method=clojure.lang.RT.toArray(Ljava/lang/Object;)[Ljava/lang/Object; @ 16
Event: 58.721 Thread 0x000000001fe13000 Uncommon trap: reason=class_check action=maybe_recompile pc=0x0000000002859b00 method=clojure.lang.RT.toArray(Ljava/lang/Object;)[Ljava/lang/Object; @ 16
Event: 58.721 Thread 0x000000001fe13000 Uncommon trap: reason=class_check action=maybe_recompile pc=0x0000000002ae9660 method=clojure.lang.RT.toArray(Ljava/lang/Object;)[Ljava/lang/Object; @ 16
Event: 58.726 Thread 0x000000001fe13000 Uncommon trap: reason=bimorphic action=maybe_recompile pc=0x0000000002ec113c method=clojure.lang.PersistentList$1.doInvoke(Ljava/lang/Object;)Ljava/lang/Object; @ 71
Event: 58.736 Thread 0x000000001fe13000 Uncommon trap: reason=unstable_if action=reinterpret pc=0x00000000039bb344 method=clojure.lang.PersistentTreeMap.add(Lclojure/lang/PersistentTreeMap$Node;Ljava/lang/Object;Ljava/lang/Object;Lclojure/lang/Box;)Lclojure/lang/PersistentTreeMap$Node; @ 40
Event: 58.736 Thread 0x000000001fe13000 Uncommon trap: reason=unstable_if action=reinterpret pc=0x0000000002ce5858 method=clojure.lang.PersistentTreeMap.assoc(Ljava/lang/Object;Ljava/lang/Object;)Lclojure/lang/PersistentTreeMap; @ 24

Internal exceptions (10 events):
Event: 11.846 Thread 0x00000000253ff000 Exception <a 'java/lang/ClassNotFoundException': sun/net/www/protocol/mkfn/Handler> (0x000000077055aa78) thrown at [C:\re\workspace\8-2-build-windows-amd64-cygwin\jdk8u60\4407\hotspot\src\share\vm\classfile\systemDictionary.cpp, line 210]
Event: 13.041 Thread 0x00000000253ff000 Implicit null exception at 0x00000000030fbc32 to 0x00000000030fbeff
Event: 14.177 Thread 0x00000000253ff000 Implicit null exception at 0x000000000257c90c to 0x000000000257c93b
Event: 14.206 Thread 0x00000000253ff000 Implicit null exception at 0x000000000310adec to 0x000000000310b821
Event: 15.514 Thread 0x00000000253ff000 Implicit null exception at 0x0000000003972bef to 0x0000000003976491
Event: 16.257 Thread 0x00000000253ff000 Implicit null exception at 0x000000000294b8cc to 0x000000000294b952
Event: 16.323 Thread 0x00000000253ff000 Implicit null exception at 0x00000000035c5aec to 0x00000000035c7701
Event: 16.459 Thread 0x00000000253ff000 Implicit null exception at 0x0000000002e5e9e7 to 0x0000000002e5fef1
Event: 19.849 Thread 0x00000000253ff000 Implicit null exception at 0x0000000002c99ed0 to 0x0000000002c99f36
Event: 58.736 Thread 0x000000001fe13000 Implicit null exception at 0x0000000002ce5729 to 0x0000000002ce584c

Events (10 events):
Event: 58.808 Executing VM operation: RevokeBias
Event: 58.808 Executing VM operation: RevokeBias done
Event: 58.810 Executing VM operation: RevokeBias
Event: 58.811 Executing VM operation: RevokeBias done
Event: 58.811 Executing VM operation: RevokeBias
Event: 58.811 Executing VM operation: RevokeBias done
Event: 58.814 Thread 0x000000001df5a000 flushing nmethod 0x00000000026140d0
Event: 58.814 Thread 0x000000001df5a000 flushing nmethod 0x0000000002625950
Event: 58.814 Thread 0x000000001df5a000 flushing nmethod 0x00000000026d9490
Event: 58.814 Thread 0x000000001df5a000 flushing nmethod 0x00000000026f1d10


Dynamic libraries:
0x00007ff60d270000 - 0x00007ff60d2a7000 	C:\Program Files\Java\jdk1.8.0_60\bin\java.exe
0x00007ffb012b0000 - 0x00007ffb01471000 	C:\WINDOWS\SYSTEM32\ntdll.dll
0x00007ffb00380000 - 0x00007ffb0042d000 	C:\WINDOWS\system32\KERNEL32.DLL
0x00007ffafd9f0000 - 0x00007ffafdbd8000 	C:\WINDOWS\system32\KERNELBASE.dll
0x00007ffb00bb0000 - 0x00007ffb00c57000 	C:\WINDOWS\system32\ADVAPI32.dll
0x00007ffafe950000 - 0x00007ffafe9ed000 	C:\WINDOWS\system32\msvcrt.dll
0x00007ffafe6b0000 - 0x00007ffafe70b000 	C:\WINDOWS\system32\sechost.dll
0x00007ffafe820000 - 0x00007ffafe93c000 	C:\WINDOWS\system32\RPCRT4.dll
0x00007ffb01150000 - 0x00007ffb012a6000 	C:\WINDOWS\system32\USER32.dll
0x00007ffb00c60000 - 0x00007ffb00de6000 	C:\WINDOWS\system32\GDI32.dll
0x00007ffaf8b70000 - 0x00007ffaf8de4000 	C:\WINDOWS\WinSxS\amd64_microsoft.windows.common-controls_6595b64144ccf1df_6.0.10586.0_none_8c15ae12515e1c22\COMCTL32.dll
0x00007ffb00ea0000 - 0x00007ffb0111d000 	C:\WINDOWS\system32\combase.dll
0x00007ffafdc90000 - 0x00007ffafdcfa000 	C:\WINDOWS\system32\bcryptPrimitives.dll
0x00007ffb00e60000 - 0x00007ffb00e9b000 	C:\WINDOWS\system32\IMM32.DLL
0x00000000635a0000 - 0x0000000063672000 	C:\Program Files\Java\jdk1.8.0_60\jre\bin\msvcr100.dll
0x0000000062d10000 - 0x0000000063599000 	C:\Program Files\Java\jdk1.8.0_60\jre\bin\server\jvm.dll
0x00007ffb01140000 - 0x00007ffb01148000 	C:\WINDOWS\system32\PSAPI.DLL
0x00007ffafc130000 - 0x00007ffafc139000 	C:\WINDOWS\SYSTEM32\WSOCK32.dll
0x00007ffaf97f0000 - 0x00007ffaf97fa000 	C:\WINDOWS\SYSTEM32\VERSION.dll
0x00007ffafbad0000 - 0x00007ffafbaf3000 	C:\WINDOWS\SYSTEM32\WINMM.dll
0x00007ffb007b0000 - 0x00007ffb0081b000 	C:\WINDOWS\system32\WS2_32.dll
0x00007ffafba70000 - 0x00007ffafba9c000 	C:\WINDOWS\SYSTEM32\WINMMBASE.dll
0x00007ffafe3b0000 - 0x00007ffafe3f3000 	C:\WINDOWS\system32\cfgmgr32.dll
0x0000000063700000 - 0x000000006370f000 	C:\Program Files\Java\jdk1.8.0_60\jre\bin\verify.dll
0x00000000636d0000 - 0x00000000636f9000 	C:\Program Files\Java\jdk1.8.0_60\jre\bin\java.dll
0x00000000636b0000 - 0x00000000636c6000 	C:\Program Files\Java\jdk1.8.0_60\jre\bin\zip.dll
0x00007ffafe9f0000 - 0x00007ffafff4f000 	C:\WINDOWS\system32\SHELL32.dll
0x00007ffafdd60000 - 0x00007ffafe3a4000 	C:\WINDOWS\system32\windows.storage.dll
0x00007ffb00b40000 - 0x00007ffb00b92000 	C:\WINDOWS\system32\shlwapi.dll
0x00007ffafd900000 - 0x00007ffafd90f000 	C:\WINDOWS\system32\kernel.appcore.dll
0x00007ffafe400000 - 0x00007ffafe4b5000 	C:\WINDOWS\system32\shcore.dll
0x00007ffafd910000 - 0x00007ffafd95b000 	C:\WINDOWS\system32\powrprof.dll
0x00007ffafd8d0000 - 0x00007ffafd8e4000 	C:\WINDOWS\system32\profapi.dll
0x0000000062cf0000 - 0x0000000062d0a000 	C:\Program Files\Java\jdk1.8.0_60\jre\bin\net.dll
0x00007ffafd200000 - 0x00007ffafd25c000 	C:\WINDOWS\system32\mswsock.dll
0x0000000062b50000 - 0x0000000062ce8000 	C:\Program Files\Java\jdk1.8.0_60\jre\bin\awt.dll
0x00007ffb00590000 - 0x00007ffb00651000 	C:\WINDOWS\system32\OLEAUT32.dll
0x00007ffafc080000 - 0x00007ffafc0f9000 	C:\WINDOWS\system32\apphelp.dll
0x00007ffafc340000 - 0x00007ffafc3ea000 	C:\WINDOWS\SYSTEM32\DNSAPI.dll
0x00007ffafe940000 - 0x00007ffafe948000 	C:\WINDOWS\system32\NSI.dll
0x00007ffaf2910000 - 0x00007ffaf291a000 	C:\Windows\System32\rasadhlp.dll
0x00007ffaf8850000 - 0x00007ffaf88b7000 	C:\WINDOWS\System32\fwpuclnt.dll
0x00007ffafd4d0000 - 0x00007ffafd4f9000 	C:\WINDOWS\SYSTEM32\bcrypt.dll
0x00007ffafd2b0000 - 0x00007ffafd2c7000 	C:\WINDOWS\SYSTEM32\CRYPTSP.dll
0x00007ffafcf40000 - 0x00007ffafcf74000 	C:\WINDOWS\system32\rsaenh.dll
0x00007ffafd090000 - 0x00007ffafd0af000 	C:\WINDOWS\SYSTEM32\USERENV.dll
0x00007ffafd3d0000 - 0x00007ffafd3db000 	C:\WINDOWS\SYSTEM32\CRYPTBASE.dll
0x00007ffafa4b0000 - 0x00007ffafa4e8000 	C:\WINDOWS\SYSTEM32\IPHLPAPI.DLL
0x00007ffaf9d20000 - 0x00007ffaf9d36000 	C:\WINDOWS\SYSTEM32\dhcpcsvc6.DLL
0x00007ffafa3c0000 - 0x00007ffafa3da000 	C:\WINDOWS\SYSTEM32\dhcpcsvc.DLL
0x0000000062b30000 - 0x0000000062b41000 	C:\Program Files\Java\jdk1.8.0_60\jre\bin\nio.dll
0x00007ffadbef0000 - 0x00007ffadbf51000 	C:\Users\Nebojsa\AppData\Local\Temp\JOCL_0_2_0-windows-x86_64.dll
0x00007ffaf3b80000 - 0x00007ffaf3b9a000 	C:\WINDOWS\SYSTEM32\OpenCL.dll
0x00007ffadbe80000 - 0x00007ffadbee7000 	C:\WINDOWS\SYSTEM32\IntelOpenCL64.dll
0x00007ffad3000000 - 0x00007ffad31bd000 	C:\Program Files (x86)\Common Files\Intel\OpenCL\bin\x64\intelocl64.dll
0x00007ffad36e0000 - 0x00007ffad377d000 	C:\Program Files (x86)\Common Files\Intel\OpenCL\bin\x64\task_executor64.dll
0x00007ffad5500000 - 0x00007ffad5629000 	C:\WINDOWS\SYSTEM32\OPENGL32.dll
0x00007ffad5030000 - 0x00007ffad512a000 	C:\WINDOWS\SYSTEM32\DDRAW.dll
0x00007ffad52f0000 - 0x00007ffad531e000 	C:\WINDOWS\SYSTEM32\GLU32.dll
0x00007ffad57a0000 - 0x00007ffad57a8000 	C:\WINDOWS\SYSTEM32\DCIMAN32.dll
0x00007ffad2ce0000 - 0x00007ffad2db8000 	C:\Program Files (x86)\Common Files\Intel\OpenCL\bin\x64\cpu_device64.dll
0x00007ffad1210000 - 0x00007ffad165d000 	C:\WINDOWS\SYSTEM32\igdrcl64.dll
0x00007ffafae70000 - 0x00007ffafaf12000 	C:\WINDOWS\SYSTEM32\dxgi.dll
0x00007ffad2bb0000 - 0x00007ffad2ce0000 	C:\WINDOWS\SYSTEM32\igdfcl64.dll
0x00007ffadd520000 - 0x00007ffadd6ac000 	C:\WINDOWS\SYSTEM32\dbghelp.dll
0x00007ffac6c40000 - 0x00007ffac7185000 	C:\WINDOWS\SYSTEM32\igdmcl64.dll
0x00007ffad11a0000 - 0x00007ffad120d000 	C:\WINDOWS\SYSTEM32\igdbcl64.dll
0x00007ffaf75c0000 - 0x00007ffaf7fc2000 	C:\WINDOWS\SYSTEM32\igdusc64.dll
0x00007ffabf500000 - 0x00007ffac04e2000 	C:\WINDOWS\System32\nvopencl.dll
0x00007ffafff50000 - 0x00007ffb00379000 	C:\WINDOWS\system32\SETUPAPI.dll
0x00007ffafc1a0000 - 0x00007ffafc236000 	C:\WINDOWS\system32\uxtheme.dll
0x00007ffaf6fe0000 - 0x00007ffaf7371000 	C:\WINDOWS\system32\nvapi64.dll
0x00007ffb00660000 - 0x00007ffb007a3000 	C:\WINDOWS\system32\ole32.dll
0x00007ffafc2f0000 - 0x00007ffafc317000 	C:\WINDOWS\SYSTEM32\DEVOBJ.dll
0x00007ffafdd00000 - 0x00007ffafdd55000 	C:\WINDOWS\system32\WINTRUST.dll
0x00007ffafd8f0000 - 0x00007ffafd900000 	C:\WINDOWS\system32\MSASN1.dll
0x00007ffafe4e0000 - 0x00007ffafe6a7000 	C:\WINDOWS\system32\CRYPT32.dll
0x00007ffabbdb0000 - 0x00007ffabd97d000 	C:\WINDOWS\SYSTEM32\common_clang64.dll

VM Arguments:
jvm_args: -Dfile.encoding=UTF-8 -Dclojure.compile.path=F:\DoktorskeFON\1Semestar\Clojure\clo\target\classes -Dclo.version=0.1.0-SNAPSHOT -Dclojure.debug=false 
java_command: clojure.main -i C:\Users\Nebojsa\AppData\Local\Temp\form-init3653845950382819127.clj
java_class_path (initial): F:\DoktorskeFON\1Semestar\Clojure\clo\test;F:\DoktorskeFON\1Semestar\Clojure\clo\src;F:\DoktorskeFON\1Semestar\Clojure\clo\dev-resources;F:\DoktorskeFON\1Semestar\Clojure\clo\resources;F:\DoktorskeFON\1Semestar\Clojure\clo\target\classes;C:\Users\Nebojsa\.m2\repository\com\outpace\config\0.9.0\config-0.9.0.jar;C:\Users\Nebojsa\.m2\repository\org\clojure\tools.nrepl\0.2.10\tools.nrepl-0.2.10.jar;C:\Users\Nebojsa\.m2\repository\org\clojure\tools.analyzer\0.1.0-beta12\tools.analyzer-0.1.0-beta12.jar;C:\Users\Nebojsa\.m2\repository\org\tcrawley\dynapath\0.2.3\dynapath-0.2.3.jar;C:\Users\Nebojsa\.m2\repository\net\cgrand\regex\1.1.0\regex-1.1.0.jar;C:\Users\Nebojsa\.m2\repository\swiss-arrows\swiss-arrows\1.0.0\swiss-arrows-1.0.0.jar;C:\Users\Nebojsa\.m2\repository\gui-diff\gui-diff\0.5.0\gui-diff-0.5.0.jar;C:\Users\Nebojsa\.m2\repository\clojure-complete\clojure-complete\0.2.3\clojure-complete-0.2.3.jar;C:\Users\Nebojsa\.m2\repository\org\clojure\tools.analyzer.jvm\0.1.0-beta12\tools.analyzer.jvm-0.1.0-beta12.jar;C:\Users\Nebojsa\.m2\repository\org\clojars\trptcolin\sjacket\0.1.3\sjacket-0.1.3.jar;C:\Users\Nebojsa\.m2\repository\org\clojure\core.cache\0.6.3\core.cache-0.6.3.jar;C:\Users\Nebojsa\.m2\repository\dynapath\dynapath\0.2.0\dynapath-0.2.0.jar;C:\Users\Nebojsa\.m2\repository\org\clojure\tools.macro\0.1.5\tools.macro-0.1.5.jar;C:\Users\Nebojsa\.m2\repository\utilize\utilize\0.2.3\utilize-0.2.3.jar;C:\Users\Nebojsa\.m2\repository\slingshot\slingshot\0.10.3\slingshot-0.10.3.jar;C:\Users\Nebojsa\.m2\repository\commons-codec\commons-codec\1.9\commons-codec-1.9.jar;C:\Users\Nebojsa\.m2\repository\clj-tuple\clj-tuple\0.1.4\clj-tuple-0.1.4.jar;C:\Users\Nebojsa\.m2\repository\joda-time\joda-time\2.0\joda-time-2.0.jar;C:\Users\Nebojsa\.m2\repository\uncomplicate\clojurecl\0.1.2\clojurecl-0.1.2.jar;C:\Users\Nebojsa\.m2\repository\cider\cider-nrepl\0.9.0\cider-nrepl-0.9.0.jar;C:\Users\Nebojsa\.m2\repository\org\jocl\jocl\0.2.0-RC00\jocl-0.2.0-RC
Launcher Type: SUN_STANDARD

Environment Variables:
PATH=C:/Program Files/Java/jre1.8.0_71/bin/server;C:/Program Files/Java/jre1.8.0_71/bin;C:/Program Files/Java/jre1.8.0_71/lib/amd64;C:\ProgramData\Oracle\Java\javapath;C:\Program Files\NVIDIA GPU Computing Toolkit\CUDA\v7.5\bin;C:\Program Files\NVIDIA GPU Computing Toolkit\CUDA\v7.5\libnvvp;C:\Program Files (x86)\Intel\iCLS Client\;C:\Program Files\Intel\iCLS Client\;C:\Windows\system32;C:\Windows;C:\Windows\System32\Wbem;C:\Windows\System32\WindowsPowerShell\v1.0\;C:\Program Files\Intel\Intel(R) Management Engine Components\DAL;C:\Program Files (x86)\Intel\Intel(R) Management Engine Components\DAL;C:\Program Files\Intel\Intel(R) Management Engine Components\IPT;C:\Program Files (x86)\Intel\Intel(R) Management Engine Components\IPT;C:\Program Files\Intel\WiFi\bin\;C:\Program Files\Common Files\Intel\WirelessCommon\;c:\Program Files (x86)\Microsoft SQL Server\100\Tools\Binn\;c:\Program Files\Microsoft SQL Server\100\Tools\Binn\;c:\Program Files\Microsoft SQL Server\100\DTS\Binn\;C:\Program Files\Microsoft SQL Server\120\DTS\Binn\;C:\Program Files\Microsoft SQL Server\Client SDK\ODBC\110\Tools\Binn\;C:\Program Files (x86)\Microsoft SQL Server\120\Tools\Binn\;C:\Program Files\Microsoft SQL Server\120\Tools\Binn\;C:\Program Files (x86)\Microsoft SQL Server\120\Tools\Binn\ManagementStudio\;C:\Program Files (x86)\Microsoft SQL Server\120\DTS\Binn\;C:\Program Files (x86)\Common Files\Easysoft\Shared\;C:\Program Files\Common Files\Easysoft\Shared\;C:\Program Files (x86)\NVIDIA Corporation\PhysX\Common;C:\WINDOWS\system32;C:\WINDOWS;C:\WINDOWS\System32\Wbem;C:\WINDOWS\System32\WindowsPowerShell\v1.0\;C:\WINDOWS\system32;C:\WINDOWS;C:\WINDOWS\System32\Wbem;C:\WINDOWS\System32\WindowsPowerShell\v1.0\;C:\Program Files (x86)\Skype\Phone\;C:\Program Files (x86)\EaseUS\Todo Backup\bin\x64\;C:\FON\counterclockwise-0.34.0.STABLE001;
USERNAME=Nebojsa
OS=Windows_NT
PROCESSOR_IDENTIFIER=Intel64 Family 6 Model 60 Stepping 3, GenuineIntel



---------------  S Y S T E M  ---------------

OS: Windows 10.0 , 64 bit Build 10586 (10.0.10586.0)

CPU:total 8 (4 cores per cpu, 2 threads per core) family 6 model 60 stepping 3, cmov, cx8, fxsr, mmx, sse, sse2, sse3, ssse3, sse4.1, sse4.2, popcnt, avx, avx2, aes, clmul, erms, lzcnt, ht, tsc, tscinvbit, bmi1, bmi2

Memory: 4k page, physical 16663636k(10656940k free), swap 19154004k(9770792k free)

vm_info: Java HotSpot(TM) 64-Bit Server VM (25.60-b23) for windows-amd64 JRE (1.8.0_60-b27), built on Aug  4 2015 11:06:27 by "java_re" with MS VC++ 10.0 (VS2010)

time: Mon Feb 08 01:05:59 2016
elapsed time: 58 seconds (0d 0h 0m 58s)

